TN:
SF:src/server.ts
FN:60,(anonymous_0)
FN:96,(anonymous_1)
FN:102,(anonymous_2)
FN:119,(anonymous_3)
FN:124,(anonymous_4)
FN:143,(anonymous_5)
FN:147,(anonymous_6)
FN:151,(anonymous_7)
FN:154,(anonymous_8)
FN:158,(anonymous_9)
FN:161,(anonymous_10)
FN:171,(anonymous_11)
FN:176,(anonymous_12)
FN:185,(anonymous_13)
FN:190,(anonymous_14)
FN:200,(anonymous_15)
FN:203,(anonymous_16)
FN:205,(anonymous_17)
FN:237,(anonymous_18)
FNF:19
FNH:0
FNDA:0,(anonymous_0)
FNDA:0,(anonymous_1)
FNDA:0,(anonymous_2)
FNDA:0,(anonymous_3)
FNDA:0,(anonymous_4)
FNDA:0,(anonymous_5)
FNDA:0,(anonymous_6)
FNDA:0,(anonymous_7)
FNDA:0,(anonymous_8)
FNDA:0,(anonymous_9)
FNDA:0,(anonymous_10)
FNDA:0,(anonymous_11)
FNDA:0,(anonymous_12)
FNDA:0,(anonymous_13)
FNDA:0,(anonymous_14)
FNDA:0,(anonymous_15)
FNDA:0,(anonymous_16)
FNDA:0,(anonymous_17)
FNDA:0,(anonymous_18)
DA:45,0
DA:46,0
DA:47,0
DA:48,0
DA:50,0
DA:52,0
DA:53,0
DA:54,0
DA:55,0
DA:56,0
DA:57,0
DA:59,0
DA:61,0
DA:63,0
DA:64,0
DA:65,0
DA:67,0
DA:93,0
DA:95,0
DA:96,0
DA:99,0
DA:100,0
DA:104,0
DA:107,0
DA:113,0
DA:115,0
DA:117,0
DA:119,0
DA:120,0
DA:124,0
DA:125,0
DA:129,0
DA:140,0
DA:141,0
DA:143,0
DA:144,0
DA:147,0
DA:148,0
DA:151,0
DA:152,0
DA:154,0
DA:155,0
DA:158,0
DA:159,0
DA:161,0
DA:162,0
DA:165,0
DA:166,0
DA:171,0
DA:172,0
DA:177,0
DA:185,0
DA:186,0
DA:191,0
DA:199,0
DA:200,0
DA:201,0
DA:202,0
DA:204,0
DA:206,0
DA:209,0
DA:211,0
DA:213,0
DA:214,0
DA:215,0
DA:216,0
DA:217,0
DA:218,0
DA:219,0
DA:220,0
DA:221,0
DA:222,0
DA:223,0
DA:224,0
DA:225,0
DA:226,0
DA:227,0
DA:228,0
DA:229,0
DA:230,0
DA:232,0
DA:234,0
DA:235,0
DA:237,0
DA:238,0
DA:239,0
DA:240,0
DA:241,0
DA:242,0
DA:243,0
DA:244,0
DA:245,0
DA:246,0
DA:247,0
DA:248,0
DA:249,0
DA:250,0
DA:251,0
DA:252,0
DA:253,0
DA:254,0
DA:255,0
DA:256,0
DA:257,0
DA:258,0
DA:259,0
DA:260,0
DA:261,0
DA:262,0
DA:263,0
DA:265,0
DA:266,0
DA:267,0
DA:268,0
DA:269,0
DA:270,0
DA:271,0
DA:272,0
DA:273,0
DA:274,0
DA:275,0
DA:276,0
DA:277,0
DA:278,0
DA:279,0
DA:280,0
DA:281,0
LF:127
LH:0
BRDA:48,0,0,0
BRDA:48,0,1,0
BRDA:61,1,0,0
BRDA:61,1,1,0
BRDA:63,2,0,0
BRDA:63,2,1,0
BRDA:64,3,0,0
BRDA:64,3,1,0
BRDA:131,4,0,0
BRDA:131,4,1,0
BRDA:161,5,0,0
BRDA:161,5,1,0
BRDA:275,6,0,0
BRDA:275,6,1,0
BRF:14
BRH:0
end_of_record
TN:
SF:src/database/connection.ts
FN:1,_define_property
FN:26,(anonymous_1)
FN:46,(anonymous_2)
FN:63,(anonymous_3)
FN:69,(anonymous_4)
FN:72,(anonymous_5)
FN:78,(anonymous_6)
FN:85,(anonymous_7)
FN:91,(anonymous_8)
FN:99,(anonymous_9)
FN:107,(anonymous_10)
FN:108,(anonymous_11)
FN:120,(anonymous_12)
FN:141,(anonymous_13)
FN:143,(anonymous_14)
FN:144,(anonymous_15)
FN:149,(anonymous_16)
FN:150,(anonymous_17)
FN:155,(anonymous_18)
FN:156,(anonymous_19)
FN:163,(anonymous_20)
FN:164,(anonymous_21)
FN:166,(anonymous_22)
FN:167,(anonymous_23)
FN:169,(anonymous_24)
FN:170,(anonymous_25)
FN:171,(anonymous_26)
FN:176,(anonymous_27)
FN:181,initializeDatabase
FN:260,(anonymous_29)
FNF:30
FNH:0
FNDA:0,_define_property
FNDA:0,(anonymous_1)
FNDA:0,(anonymous_2)
FNDA:0,(anonymous_3)
FNDA:0,(anonymous_4)
FNDA:0,(anonymous_5)
FNDA:0,(anonymous_6)
FNDA:0,(anonymous_7)
FNDA:0,(anonymous_8)
FNDA:0,(anonymous_9)
FNDA:0,(anonymous_10)
FNDA:0,(anonymous_11)
FNDA:0,(anonymous_12)
FNDA:0,(anonymous_13)
FNDA:0,(anonymous_14)
FNDA:0,(anonymous_15)
FNDA:0,(anonymous_16)
FNDA:0,(anonymous_17)
FNDA:0,(anonymous_18)
FNDA:0,(anonymous_19)
FNDA:0,(anonymous_20)
FNDA:0,(anonymous_21)
FNDA:0,(anonymous_22)
FNDA:0,(anonymous_23)
FNDA:0,(anonymous_24)
FNDA:0,(anonymous_25)
FNDA:0,(anonymous_26)
FNDA:0,(anonymous_27)
FNDA:0,initializeDatabase
FNDA:0,(anonymous_29)
DA:2,0
DA:3,0
DA:10,0
DA:12,0
DA:17,0
DA:18,0
DA:28,0
DA:29,0
DA:30,0
DA:34,0
DA:39,0
DA:40,0
DA:41,0
DA:42,0
DA:43,0
DA:44,0
DA:47,0
DA:48,0
DA:50,0
DA:51,0
DA:52,0
DA:53,0
DA:55,0
DA:56,0
DA:57,0
DA:59,0
DA:60,0
DA:64,0
DA:65,0
DA:67,0
DA:68,0
DA:69,0
DA:70,0
DA:73,0
DA:74,0
DA:76,0
DA:78,0
DA:79,0
DA:81,0
DA:82,0
DA:83,0
DA:86,0
DA:87,0
DA:88,0
DA:92,0
DA:93,0
DA:94,0
DA:96,0
DA:100,0
DA:108,0
DA:109,0
DA:110,0
DA:112,0
DA:115,0
DA:116,0
DA:117,0
DA:118,0
DA:121,0
DA:122,0
DA:123,0
DA:124,0
DA:125,0
DA:126,0
DA:127,0
DA:128,0
DA:129,0
DA:130,0
DA:131,0
DA:132,0
DA:133,0
DA:134,0
DA:138,0
DA:140,0
DA:142,0
DA:144,0
DA:145,0
DA:146,0
DA:150,0
DA:151,0
DA:152,0
DA:156,0
DA:157,0
DA:158,0
DA:164,0
DA:167,0
DA:169,0
DA:171,0
DA:172,0
DA:173,0
DA:176,0
DA:182,0
DA:183,0
DA:185,0
DA:197,0
DA:210,0
DA:226,0
DA:244,0
DA:252,0
DA:253,0
DA:255,0
DA:256,0
DA:260,0
DA:261,0
DA:262,0
DA:263,0
LF:105
LH:0
BRDA:2,0,0,0
BRDA:2,0,1,0
BRDA:17,1,0,0
BRDA:17,1,1,0
BRDA:19,2,0,0
BRDA:19,2,1,0
BRDA:20,3,0,0
BRDA:20,3,1,0
BRDA:21,4,0,0
BRDA:21,4,1,0
BRDA:22,5,0,0
BRDA:22,5,1,0
BRDA:29,6,0,0
BRDA:29,6,1,0
BRDA:35,7,0,0
BRDA:35,7,1,0
BRDA:47,8,0,0
BRDA:47,8,1,0
BRDA:64,9,0,0
BRDA:64,9,1,0
BRDA:73,10,0,0
BRDA:73,10,1,0
BRDA:76,11,0,0
BRDA:76,11,1,0
BRDA:86,12,0,0
BRDA:86,12,1,0
BRF:26
BRH:0
end_of_record
TN:
SF:src/middleware/auth.ts
FN:11,(anonymous_0)
FN:24,(anonymous_1)
FN:28,(anonymous_2)
FN:32,(anonymous_3)
FN:80,(anonymous_4)
FN:99,(anonymous_5)
FN:100,(anonymous_6)
FN:121,(anonymous_7)
FN:122,(anonymous_8)
FN:131,(anonymous_9)
FN:144,(anonymous_10)
FN:201,(anonymous_11)
FN:204,(anonymous_12)
FN:228,(anonymous_13)
FNF:14
FNH:0
FNDA:0,(anonymous_0)
FNDA:0,(anonymous_1)
FNDA:0,(anonymous_2)
FNDA:0,(anonymous_3)
FNDA:0,(anonymous_4)
FNDA:0,(anonymous_5)
FNDA:0,(anonymous_6)
FNDA:0,(anonymous_7)
FNDA:0,(anonymous_8)
FNDA:0,(anonymous_9)
FNDA:0,(anonymous_10)
FNDA:0,(anonymous_11)
FNDA:0,(anonymous_12)
FNDA:0,(anonymous_13)
DA:4,0
DA:5,0
DA:6,0
DA:7,0
DA:9,0
DA:11,0
DA:12,0
DA:15,0
DA:18,0
DA:24,0
DA:25,0
DA:26,0
DA:28,0
DA:29,0
DA:32,0
DA:33,0
DA:34,0
DA:35,0
DA:36,0
DA:41,0
DA:43,0
DA:45,0
DA:46,0
DA:51,0
DA:54,0
DA:55,0
DA:56,0
DA:58,0
DA:59,0
DA:64,0
DA:65,0
DA:71,0
DA:80,0
DA:81,0
DA:82,0
DA:83,0
DA:84,0
DA:85,0
DA:87,0
DA:88,0
DA:89,0
DA:90,0
DA:92,0
DA:95,0
DA:99,0
DA:100,0
DA:101,0
DA:102,0
DA:107,0
DA:109,0
DA:110,0
DA:115,0
DA:117,0
DA:121,0
DA:122,0
DA:123,0
DA:124,0
DA:129,0
DA:131,0
DA:132,0
DA:133,0
DA:138,0
DA:140,0
DA:144,0
DA:145,0
DA:146,0
DA:147,0
DA:148,0
DA:153,0
DA:156,0
DA:157,0
DA:162,0
DA:164,0
DA:166,0
DA:173,0
DA:174,0
DA:179,0
DA:180,0
DA:185,0
DA:186,0
DA:192,0
DA:201,0
DA:202,0
DA:204,0
DA:205,0
DA:206,0
DA:207,0
DA:208,0
DA:209,0
DA:212,0
DA:213,0
DA:214,0
DA:216,0
DA:221,0
DA:228,0
DA:232,0
LF:96
LH:0
BRDA:4,0,0,0
BRDA:4,0,1,0
BRDA:5,1,0,0
BRDA:5,1,1,0
BRDA:6,2,0,0
BRDA:6,2,1,0
BRDA:7,3,0,0
BRDA:7,3,1,0
BRDA:35,4,0,0
BRDA:35,4,1,0
BRDA:35,5,0,0
BRDA:35,5,1,0
BRDA:45,6,0,0
BRDA:45,6,1,0
BRDA:58,7,0,0
BRDA:58,7,1,0
BRDA:64,8,0,0
BRDA:64,8,1,0
BRDA:83,9,0,0
BRDA:83,9,1,0
BRDA:83,10,0,0
BRDA:83,10,1,0
BRDA:88,11,0,0
BRDA:88,11,1,0
BRDA:101,12,0,0
BRDA:101,12,1,0
BRDA:109,13,0,0
BRDA:109,13,1,0
BRDA:123,14,0,0
BRDA:123,14,1,0
BRDA:132,15,0,0
BRDA:132,15,1,0
BRDA:147,16,0,0
BRDA:147,16,1,0
BRDA:156,17,0,0
BRDA:156,17,1,0
BRDA:179,18,0,0
BRDA:179,18,1,0
BRDA:185,19,0,0
BRDA:185,19,1,0
BRDA:207,20,0,0
BRDA:207,20,1,0
BRDA:207,21,0,0
BRDA:207,21,1,0
BRDA:213,22,0,0
BRDA:213,22,1,0
BRF:46
BRH:0
end_of_record
TN:
SF:src/middleware/errorHandler.ts
FN:1,errorHandler
FNF:1
FNH:0
FNDA:0,errorHandler
DA:2,0
DA:4,0
DA:5,0
DA:7,0
DA:8,0
DA:9,0
DA:10,0
DA:11,0
DA:12,0
DA:13,0
DA:14,0
DA:16,0
LF:12
LH:0
BRDA:7,0,0,0
BRDA:7,0,1,0
BRDA:10,1,0,0
BRDA:10,1,1,0
BRDA:13,2,0,0
BRDA:13,2,1,0
BRF:6
BRH:0
end_of_record
TN:
SF:src/middleware/rateLimiting.ts
FN:21,(anonymous_0)
FN:45,(anonymous_1)
FN:85,(anonymous_2)
FNF:3
FNH:0
FNDA:0,(anonymous_0)
FNDA:0,(anonymous_1)
FNDA:0,(anonymous_2)
DA:8,0
DA:22,0
DA:34,0
DA:46,0
DA:58,0
DA:70,0
DA:82,0
DA:86,0
DA:93,0
DA:105,0
LF:10
LH:0
BRF:0
BRH:0
end_of_record
TN:
SF:src/middleware/security.ts
FN:6,(anonymous_0)
FN:18,(anonymous_1)
FN:27,(anonymous_2)
FN:29,(anonymous_3)
FN:36,(anonymous_4)
FN:64,(anonymous_5)
FN:160,(anonymous_6)
FN:167,(anonymous_7)
FN:181,(anonymous_8)
FN:192,(anonymous_9)
FNF:10
FNH:0
FNDA:0,(anonymous_0)
FNDA:0,(anonymous_1)
FNDA:0,(anonymous_2)
FNDA:0,(anonymous_3)
FNDA:0,(anonymous_4)
FNDA:0,(anonymous_5)
FNDA:0,(anonymous_6)
FNDA:0,(anonymous_7)
FNDA:0,(anonymous_8)
FNDA:0,(anonymous_9)
DA:3,0
DA:4,0
DA:6,0
DA:7,0
DA:8,0
DA:9,0
DA:14,0
DA:15,0
DA:18,0
DA:19,0
DA:20,0
DA:21,0
DA:22,0
DA:24,0
DA:27,0
DA:28,0
DA:29,0
DA:30,0
DA:31,0
DA:36,0
DA:38,0
DA:43,0
DA:44,0
DA:47,0
DA:48,0
DA:49,0
DA:51,0
DA:52,0
DA:53,0
DA:54,0
DA:59,0
DA:61,0
DA:64,0
DA:65,0
DA:66,0
DA:67,0
DA:76,0
DA:160,0
DA:161,0
DA:162,0
DA:163,0
DA:164,0
DA:167,0
DA:168,0
DA:169,0
DA:177,0
DA:178,0
DA:181,0
DA:182,0
DA:183,0
DA:184,0
DA:185,0
DA:186,0
DA:187,0
DA:188,0
DA:189,0
DA:192,0
DA:193,0
LF:58
LH:0
BRDA:20,0,0,0
BRDA:20,0,1,0
BRDA:20,1,0,0
BRDA:20,1,1,0
BRDA:30,2,0,0
BRDA:30,2,1,0
BRDA:38,3,0,0
BRDA:38,3,1,0
BRDA:47,4,0,0
BRDA:47,4,1,0
BRDA:53,5,0,0
BRDA:53,5,1,0
BRDA:53,6,0,0
BRDA:53,6,1,0
BRDA:53,6,2,0
BRDA:65,7,0,0
BRDA:65,7,1,0
BRDA:161,8,0,0
BRDA:161,8,1,0
BRF:19
BRH:0
end_of_record
TN:
SF:src/middleware/validation.ts
FN:6,validation
FN:7,(anonymous_1)
FN:13,(anonymous_2)
FN:35,(anonymous_3)
FN:65,(anonymous_4)
FN:92,validatePromptCard
FN:98,(anonymous_6)
FN:109,(anonymous_7)
FN:119,(anonymous_8)
FN:120,(anonymous_9)
FN:140,(anonymous_10)
FN:141,(anonymous_11)
FN:167,(anonymous_12)
FN:184,(anonymous_13)
FN:203,(anonymous_14)
FN:219,(anonymous_15)
FN:239,(anonymous_16)
FN:267,(anonymous_17)
FN:273,(anonymous_18)
FN:284,validateTestCase
FN:290,(anonymous_20)
FNF:21
FNH:0
FNDA:0,validation
FNDA:0,(anonymous_1)
FNDA:0,(anonymous_2)
FNDA:0,(anonymous_3)
FNDA:0,(anonymous_4)
FNDA:0,validatePromptCard
FNDA:0,(anonymous_6)
FNDA:0,(anonymous_7)
FNDA:0,(anonymous_8)
FNDA:0,(anonymous_9)
FNDA:0,(anonymous_10)
FNDA:0,(anonymous_11)
FNDA:0,(anonymous_12)
FNDA:0,(anonymous_13)
FNDA:0,(anonymous_14)
FNDA:0,(anonymous_15)
FNDA:0,(anonymous_16)
FNDA:0,(anonymous_17)
FNDA:0,(anonymous_18)
FNDA:0,validateTestCase
FNDA:0,(anonymous_20)
DA:7,0
DA:8,0
DA:9,0
DA:10,0
DA:13,0
DA:18,0
DA:20,0
DA:21,0
DA:25,0
DA:37,0
DA:44,0
DA:45,0
DA:46,0
DA:51,0
DA:57,0
DA:66,0
DA:68,0
DA:81,0
DA:83,0
DA:93,0
DA:94,0
DA:95,0
DA:98,0
DA:103,0
DA:105,0
DA:106,0
DA:109,0
DA:110,0
DA:112,0
DA:116,0
DA:119,0
DA:120,0
DA:121,0
DA:122,0
DA:123,0
DA:124,0
DA:125,0
DA:126,0
DA:127,0
DA:128,0
DA:130,0
DA:132,0
DA:134,0
DA:135,0
DA:137,0
DA:140,0
DA:141,0
DA:142,0
DA:143,0
DA:144,0
DA:150,0
DA:152,0
DA:156,0
DA:168,0
DA:175,0
DA:176,0
DA:177,0
DA:180,0
DA:185,0
DA:186,0
DA:187,0
DA:188,0
DA:191,0
DA:194,0
DA:204,0
DA:205,0
DA:207,0
DA:208,0
DA:209,0
DA:211,0
DA:212,0
DA:215,0
DA:220,0
DA:221,0
DA:235,0
DA:240,0
DA:241,0
DA:248,0
DA:249,0
DA:250,0
DA:252,0
DA:253,0
DA:254,0
DA:257,0
DA:258,0
DA:259,0
DA:263,0
DA:267,0
DA:268,0
DA:269,0
DA:270,0
DA:273,0
DA:279,0
DA:281,0
DA:285,0
DA:286,0
DA:287,0
DA:290,0
DA:295,0
DA:297,0
DA:298,0
LF:101
LH:0
BRDA:9,0,0,0
BRDA:9,0,1,0
BRDA:45,1,0,0
BRDA:45,1,1,0
BRDA:66,2,0,0
BRDA:66,2,1,0
BRDA:66,3,0,0
BRDA:66,3,1,0
BRDA:94,4,0,0
BRDA:94,4,1,0
BRDA:110,5,0,0
BRDA:110,5,1,0
BRDA:121,6,0,0
BRDA:121,6,1,0
BRDA:123,7,0,0
BRDA:123,7,1,0
BRDA:125,8,0,0
BRDA:125,8,1,0
BRDA:125,9,0,0
BRDA:125,9,1,0
BRDA:134,10,0,0
BRDA:134,10,1,0
BRDA:134,11,0,0
BRDA:134,11,1,0
BRDA:140,12,0,0
BRDA:142,13,0,0
BRDA:142,13,1,0
BRDA:143,14,0,0
BRDA:143,14,1,0
BRDA:176,15,0,0
BRDA:176,15,1,0
BRDA:185,16,0,0
BRDA:185,16,1,0
BRDA:187,17,0,0
BRDA:187,17,1,0
BRDA:187,18,0,0
BRDA:187,18,1,0
BRDA:187,18,2,0
BRDA:204,19,0,0
BRDA:204,19,1,0
BRDA:208,20,0,0
BRDA:208,20,1,0
BRDA:211,21,0,0
BRDA:211,21,1,0
BRDA:211,22,0,0
BRDA:211,22,1,0
BRDA:220,23,0,0
BRDA:220,23,1,0
BRDA:220,24,0,0
BRDA:220,24,1,0
BRDA:240,25,0,0
BRDA:240,25,1,0
BRDA:249,26,0,0
BRDA:249,26,1,0
BRDA:249,27,0,0
BRDA:249,27,1,0
BRDA:252,28,0,0
BRDA:252,28,1,0
BRDA:253,29,0,0
BRDA:253,29,1,0
BRDA:253,30,0,0
BRDA:253,30,1,0
BRDA:257,31,0,0
BRDA:257,31,1,0
BRDA:258,32,0,0
BRDA:258,32,1,0
BRDA:258,33,0,0
BRDA:258,33,1,0
BRDA:258,33,2,0
BRDA:269,34,0,0
BRDA:269,34,1,0
BRDA:274,35,0,0
BRDA:274,35,1,0
BRDA:276,36,0,0
BRDA:276,36,1,0
BRDA:286,37,0,0
BRDA:286,37,1,0
BRF:77
BRH:0
end_of_record
TN:
SF:src/routes/alerts.ts
FN:5,(anonymous_0)
FN:28,(anonymous_1)
FN:40,(anonymous_2)
FN:44,(anonymous_3)
FN:60,(anonymous_4)
FN:83,(anonymous_5)
FN:106,(anonymous_6)
FN:120,(anonymous_7)
FN:148,(anonymous_8)
FN:172,(anonymous_9)
FN:194,(anonymous_10)
FN:202,(anonymous_11)
FN:212,(anonymous_12)
FN:218,(anonymous_13)
FN:224,(anonymous_14)
FN:234,(anonymous_15)
FNF:16
FNH:0
FNDA:0,(anonymous_0)
FNDA:0,(anonymous_1)
FNDA:0,(anonymous_2)
FNDA:0,(anonymous_3)
FNDA:0,(anonymous_4)
FNDA:0,(anonymous_5)
FNDA:0,(anonymous_6)
FNDA:0,(anonymous_7)
FNDA:0,(anonymous_8)
FNDA:0,(anonymous_9)
FNDA:0,(anonymous_10)
FNDA:0,(anonymous_11)
FNDA:0,(anonymous_12)
FNDA:0,(anonymous_13)
FNDA:0,(anonymous_14)
FNDA:0,(anonymous_15)
DA:3,0
DA:5,0
DA:6,0
DA:7,0
DA:8,0
DA:9,0
DA:10,0
DA:11,0
DA:12,0
DA:13,0
DA:14,0
DA:15,0
DA:21,0
DA:28,0
DA:29,0
DA:30,0
DA:31,0
DA:33,0
DA:40,0
DA:41,0
DA:42,0
DA:43,0
DA:44,0
DA:45,0
DA:46,0
DA:51,0
DA:53,0
DA:60,0
DA:61,0
DA:62,0
DA:63,0
DA:64,0
DA:65,0
DA:70,0
DA:76,0
DA:83,0
DA:84,0
DA:85,0
DA:86,0
DA:87,0
DA:88,0
DA:93,0
DA:99,0
DA:106,0
DA:107,0
DA:108,0
DA:109,0
DA:113,0
DA:120,0
DA:121,0
DA:122,0
DA:124,0
DA:125,0
DA:135,0
DA:136,0
DA:141,0
DA:148,0
DA:149,0
DA:150,0
DA:151,0
DA:152,0
DA:153,0
DA:154,0
DA:159,0
DA:165,0
DA:172,0
DA:173,0
DA:174,0
DA:175,0
DA:176,0
DA:177,0
DA:182,0
DA:187,0
DA:194,0
DA:195,0
DA:202,0
DA:203,0
DA:206,0
DA:207,0
DA:212,0
DA:213,0
DA:218,0
DA:219,0
DA:224,0
DA:225,0
DA:230,0
DA:231,0
DA:232,0
DA:234,0
DA:235,0
DA:236,0
DA:237,0
LF:92
LH:0
BRDA:9,0,0,0
BRDA:9,0,1,0
BRDA:10,1,0,0
BRDA:10,1,1,0
BRDA:11,2,0,0
BRDA:11,2,1,0
BRDA:12,3,0,0
BRDA:12,3,1,0
BRDA:13,4,0,0
BRDA:13,4,1,0
BRDA:23,5,0,0
BRDA:23,5,1,0
BRDA:35,6,0,0
BRDA:35,6,1,0
BRDA:45,7,0,0
BRDA:45,7,1,0
BRDA:55,8,0,0
BRDA:55,8,1,0
BRDA:64,9,0,0
BRDA:64,9,1,0
BRDA:78,10,0,0
BRDA:78,10,1,0
BRDA:87,11,0,0
BRDA:87,11,1,0
BRDA:101,12,0,0
BRDA:101,12,1,0
BRDA:115,13,0,0
BRDA:115,13,1,0
BRDA:124,14,0,0
BRDA:124,14,1,0
BRDA:124,15,0,0
BRDA:124,15,1,0
BRDA:124,15,2,0
BRDA:124,15,3,0
BRDA:143,16,0,0
BRDA:143,16,1,0
BRDA:153,17,0,0
BRDA:153,17,1,0
BRDA:167,18,0,0
BRDA:167,18,1,0
BRDA:176,19,0,0
BRDA:176,19,1,0
BRDA:189,20,0,0
BRDA:189,20,1,0
BRF:44
BRH:0
end_of_record
TN:
SF:src/routes/analytics.ts
FN:6,(anonymous_0)
FN:22,(anonymous_1)
FN:38,(anonymous_2)
FN:54,(anonymous_3)
FN:71,(anonymous_4)
FN:87,(anonymous_5)
FN:104,(anonymous_6)
FN:121,(anonymous_7)
FN:138,(anonymous_8)
FNF:9
FNH:0
FNDA:0,(anonymous_0)
FNDA:0,(anonymous_1)
FNDA:0,(anonymous_2)
FNDA:0,(anonymous_3)
FNDA:0,(anonymous_4)
FNDA:0,(anonymous_5)
FNDA:0,(anonymous_6)
FNDA:0,(anonymous_7)
FNDA:0,(anonymous_8)
DA:3,0
DA:4,0
DA:6,0
DA:7,0
DA:8,0
DA:9,0
DA:14,0
DA:15,0
DA:22,0
DA:23,0
DA:24,0
DA:25,0
DA:30,0
DA:31,0
DA:38,0
DA:39,0
DA:40,0
DA:41,0
DA:46,0
DA:47,0
DA:54,0
DA:55,0
DA:56,0
DA:57,0
DA:58,0
DA:63,0
DA:64,0
DA:71,0
DA:72,0
DA:73,0
DA:74,0
DA:79,0
DA:80,0
DA:87,0
DA:88,0
DA:89,0
DA:90,0
DA:91,0
DA:96,0
DA:97,0
DA:104,0
DA:105,0
DA:106,0
DA:107,0
DA:108,0
DA:113,0
DA:114,0
DA:121,0
DA:122,0
DA:123,0
DA:124,0
DA:125,0
DA:130,0
DA:131,0
DA:138,0
DA:139,0
DA:140,0
DA:141,0
DA:142,0
DA:147,0
DA:148,0
LF:61
LH:0
BRDA:56,0,0,0
BRDA:56,1,0,0
BRF:2
BRH:0
end_of_record
TN:
SF:src/routes/assertions.ts
FN:7,(anonymous_0)
FN:10,(anonymous_1)
FN:35,(anonymous_2)
FN:52,(anonymous_3)
FN:64,(anonymous_4)
FN:65,(anonymous_5)
FN:66,(anonymous_6)
FN:67,(anonymous_7)
FN:86,(anonymous_8)
FN:124,(anonymous_9)
FN:161,(anonymous_10)
FN:199,(anonymous_11)
FN:236,(anonymous_12)
FN:273,(anonymous_13)
FN:289,(anonymous_14)
FN:314,(anonymous_15)
FN:344,(anonymous_16)
FNF:17
FNH:0
FNDA:0,(anonymous_0)
FNDA:0,(anonymous_1)
FNDA:0,(anonymous_2)
FNDA:0,(anonymous_3)
FNDA:0,(anonymous_4)
FNDA:0,(anonymous_5)
FNDA:0,(anonymous_6)
FNDA:0,(anonymous_7)
FNDA:0,(anonymous_8)
FNDA:0,(anonymous_9)
FNDA:0,(anonymous_10)
FNDA:0,(anonymous_11)
FNDA:0,(anonymous_12)
FNDA:0,(anonymous_13)
FNDA:0,(anonymous_14)
FNDA:0,(anonymous_15)
FNDA:0,(anonymous_16)
DA:4,0
DA:7,0
DA:8,0
DA:9,0
DA:10,0
DA:11,0
DA:12,0
DA:18,0
DA:26,0
DA:27,0
DA:35,0
DA:36,0
DA:37,0
DA:38,0
DA:43,0
DA:44,0
DA:52,0
DA:53,0
DA:54,0
DA:55,0
DA:56,0
DA:61,0
DA:62,0
DA:64,0
DA:65,0
DA:66,0
DA:67,0
DA:69,0
DA:77,0
DA:78,0
DA:86,0
DA:87,0
DA:88,0
DA:89,0
DA:90,0
DA:95,0
DA:100,0
DA:103,0
DA:104,0
DA:115,0
DA:116,0
DA:124,0
DA:125,0
DA:126,0
DA:127,0
DA:128,0
DA:133,0
DA:138,0
DA:141,0
DA:142,0
DA:152,0
DA:153,0
DA:161,0
DA:162,0
DA:163,0
DA:164,0
DA:165,0
DA:170,0
DA:175,0
DA:178,0
DA:179,0
DA:190,0
DA:191,0
DA:199,0
DA:200,0
DA:201,0
DA:202,0
DA:203,0
DA:208,0
DA:212,0
DA:215,0
DA:216,0
DA:227,0
DA:228,0
DA:236,0
DA:237,0
DA:238,0
DA:239,0
DA:240,0
DA:245,0
DA:249,0
DA:252,0
DA:253,0
DA:264,0
DA:265,0
DA:273,0
DA:274,0
DA:275,0
DA:276,0
DA:277,0
DA:278,0
DA:280,0
DA:281,0
DA:289,0
DA:290,0
DA:291,0
DA:292,0
DA:293,0
DA:298,0
DA:299,0
DA:300,0
DA:305,0
DA:306,0
DA:314,0
DA:315,0
DA:316,0
DA:317,0
DA:318,0
DA:324,0
DA:329,0
DA:330,0
DA:335,0
DA:336,0
DA:344,0
DA:345,0
DA:346,0
DA:347,0
DA:348,0
DA:358,0
DA:359,0
LF:120
LH:0
BRDA:11,0,0,0
BRDA:11,0,1,0
BRDA:29,1,0,0
BRDA:29,1,1,0
BRDA:46,2,0,0
BRDA:46,2,1,0
BRDA:55,3,0,0
BRDA:55,3,1,0
BRDA:55,4,0,0
BRDA:55,4,1,0
BRDA:55,4,2,0
BRDA:66,5,0,0
BRDA:66,5,1,0
BRDA:80,6,0,0
BRDA:80,6,1,0
BRDA:89,7,0,0
BRDA:89,7,1,0
BRDA:89,8,0,0
BRDA:89,8,1,0
BRDA:98,9,0,0
BRDA:98,9,1,0
BRDA:118,10,0,0
BRDA:118,10,1,0
BRDA:127,11,0,0
BRDA:127,11,1,0
BRDA:127,12,0,0
BRDA:127,12,1,0
BRDA:136,13,0,0
BRDA:136,13,1,0
BRDA:145,14,0,0
BRDA:145,14,1,0
BRDA:146,15,0,0
BRDA:146,15,1,0
BRDA:155,16,0,0
BRDA:155,16,1,0
BRDA:164,17,0,0
BRDA:164,17,1,0
BRDA:172,18,0,0
BRDA:172,18,1,0
BRDA:173,19,0,0
BRDA:173,19,1,0
BRDA:182,20,0,0
BRDA:182,20,1,0
BRDA:183,21,0,0
BRDA:183,21,1,0
BRDA:184,22,0,0
BRDA:184,22,1,0
BRDA:193,23,0,0
BRDA:193,23,1,0
BRDA:202,24,0,0
BRDA:202,24,1,0
BRDA:210,25,0,0
BRDA:210,25,1,0
BRDA:219,26,0,0
BRDA:219,26,1,0
BRDA:220,27,0,0
BRDA:220,27,1,0
BRDA:221,28,0,0
BRDA:221,28,1,0
BRDA:223,29,0,0
BRDA:223,29,1,0
BRDA:230,30,0,0
BRDA:230,30,1,0
BRDA:239,31,0,0
BRDA:239,31,1,0
BRDA:247,32,0,0
BRDA:247,32,1,0
BRDA:256,33,0,0
BRDA:256,33,1,0
BRDA:257,34,0,0
BRDA:257,34,1,0
BRDA:259,35,0,0
BRDA:259,35,1,0
BRDA:260,36,0,0
BRDA:260,36,1,0
BRDA:267,37,0,0
BRDA:267,37,1,0
BRDA:283,38,0,0
BRDA:283,38,1,0
BRDA:292,39,0,0
BRDA:292,39,1,0
BRDA:298,40,0,0
BRDA:298,40,1,0
BRDA:308,41,0,0
BRDA:308,41,1,0
BRDA:317,42,0,0
BRDA:317,42,1,0
BRDA:317,43,0,0
BRDA:317,43,1,0
BRDA:338,44,0,0
BRDA:338,44,1,0
BRDA:361,45,0,0
BRDA:361,45,1,0
BRF:93
BRH:0
end_of_record
TN:
SF:src/routes/auth.ts
FN:47,(anonymous_0)
FN:48,(anonymous_1)
FN:50,(anonymous_2)
FN:51,(anonymous_3)
FN:72,(anonymous_4)
FN:81,(anonymous_5)
FN:132,(anonymous_6)
FN:191,(anonymous_7)
FN:218,(anonymous_8)
FN:219,(anonymous_9)
FN:219,(anonymous_10)
FNF:11
FNH:0
FNDA:0,(anonymous_0)
FNDA:0,(anonymous_1)
FNDA:0,(anonymous_2)
FNDA:0,(anonymous_3)
FNDA:0,(anonymous_4)
FNDA:0,(anonymous_5)
FNDA:0,(anonymous_6)
FNDA:0,(anonymous_7)
FNDA:0,(anonymous_8)
FNDA:0,(anonymous_9)
FNDA:0,(anonymous_10)
DA:7,0
DA:9,0
DA:11,0
DA:17,0
DA:18,0
DA:47,0
DA:48,0
DA:50,0
DA:51,0
DA:54,0
DA:64,0
DA:73,0
DA:74,0
DA:76,0
DA:81,0
DA:82,0
DA:83,0
DA:84,0
DA:85,0
DA:86,0
DA:91,0
DA:93,0
DA:94,0
DA:95,0
DA:100,0
DA:102,0
DA:103,0
DA:109,0
DA:123,0
DA:124,0
DA:132,0
DA:133,0
DA:134,0
DA:135,0
DA:136,0
DA:137,0
DA:142,0
DA:144,0
DA:145,0
DA:157,0
DA:158,0
DA:164,0
DA:178,0
DA:179,0
DA:187,0
DA:189,0
DA:191,0
DA:192,0
DA:193,0
DA:194,0
DA:199,0
DA:201,0
DA:216,0
DA:219,0
DA:227,0
LF:55
LH:0
BRDA:48,0,0,0
BRDA:48,0,1,0
BRDA:51,1,0,0
BRDA:51,1,1,0
BRDA:73,2,0,0
BRDA:73,2,1,0
BRDA:85,3,0,0
BRDA:85,3,1,0
BRDA:94,4,0,0
BRDA:94,4,1,0
BRDA:136,5,0,0
BRDA:136,5,1,0
BRDA:193,6,0,0
BRDA:193,6,1,0
BRF:14
BRH:0
end_of_record
TN:
SF:src/routes/health-enhanced.ts
FN:9,performHealthCheck
FN:14,(anonymous_1)
FN:14,(anonymous_2)
FN:29,checkDatabase
FN:54,checkRedis
FN:86,checkOllama
FN:124,(anonymous_6)
FN:143,checkWebSocket
FN:168,checkSystem
FN:211,checkSecurity
FN:243,(anonymous_10)
FN:252,(anonymous_11)
FN:265,(anonymous_12)
FN:277,(anonymous_13)
FN:297,(anonymous_14)
FN:301,(anonymous_15)
FN:305,(anonymous_16)
FN:309,(anonymous_17)
FN:310,(anonymous_18)
FN:313,(anonymous_19)
FN:317,(anonymous_20)
FN:322,(anonymous_21)
FN:340,(anonymous_22)
FNF:23
FNH:0
FNDA:0,performHealthCheck
FNDA:0,(anonymous_1)
FNDA:0,(anonymous_2)
FNDA:0,checkDatabase
FNDA:0,checkRedis
FNDA:0,checkOllama
FNDA:0,(anonymous_6)
FNDA:0,checkWebSocket
FNDA:0,checkSystem
FNDA:0,checkSecurity
FNDA:0,(anonymous_10)
FNDA:0,(anonymous_11)
FNDA:0,(anonymous_12)
FNDA:0,(anonymous_13)
FNDA:0,(anonymous_14)
FNDA:0,(anonymous_15)
FNDA:0,(anonymous_16)
FNDA:0,(anonymous_17)
FNDA:0,(anonymous_18)
FNDA:0,(anonymous_19)
FNDA:0,(anonymous_20)
FNDA:0,(anonymous_21)
FNDA:0,(anonymous_22)
DA:7,0
DA:10,0
DA:11,0
DA:12,0
DA:14,0
DA:16,0
DA:21,0
DA:30,0
DA:31,0
DA:33,0
DA:38,0
DA:47,0
DA:55,0
DA:56,0
DA:57,0
DA:60,0
DA:61,0
DA:62,0
DA:63,0
DA:65,0
DA:66,0
DA:67,0
DA:76,0
DA:87,0
DA:88,0
DA:90,0
DA:94,0
DA:97,0
DA:99,0
DA:100,0
DA:101,0
DA:102,0
DA:112,0
DA:114,0
DA:117,0
DA:124,0
DA:133,0
DA:144,0
DA:145,0
DA:146,0
DA:151,0
DA:152,0
DA:161,0
DA:169,0
DA:170,0
DA:171,0
DA:172,0
DA:174,0
DA:175,0
DA:176,0
DA:178,0
DA:179,0
DA:180,0
DA:181,0
DA:182,0
DA:184,0
DA:204,0
DA:212,0
DA:213,0
DA:214,0
DA:215,0
DA:217,0
DA:218,0
DA:219,0
DA:220,0
DA:221,0
DA:223,0
DA:236,0
DA:243,0
DA:244,0
DA:245,0
DA:246,0
DA:248,0
DA:252,0
DA:256,0
DA:265,0
DA:266,0
DA:267,0
DA:268,0
DA:269,0
DA:270,0
DA:272,0
DA:277,0
DA:286,0
DA:287,0
DA:289,0
DA:297,0
DA:298,0
DA:299,0
DA:301,0
DA:302,0
DA:303,0
DA:305,0
DA:306,0
DA:307,0
DA:309,0
DA:310,0
DA:311,0
DA:313,0
DA:314,0
DA:315,0
DA:317,0
DA:318,0
DA:319,0
DA:322,0
DA:324,0
DA:329,0
DA:330,0
DA:340,0
DA:342,0
LF:110
LH:0
BRDA:9,0,0,0
BRDA:23,1,0,0
BRDA:23,1,1,0
BRDA:39,2,0,0
BRDA:39,2,1,0
BRDA:49,3,0,0
BRDA:49,3,1,0
BRDA:55,4,0,0
BRDA:55,4,1,0
BRDA:66,5,0,0
BRDA:66,5,1,0
BRDA:68,6,0,0
BRDA:68,6,1,0
BRDA:78,7,0,0
BRDA:78,7,1,0
BRDA:87,8,0,0
BRDA:87,8,1,0
BRDA:97,9,0,0
BRDA:97,9,1,0
BRDA:100,10,0,0
BRDA:100,10,1,0
BRDA:112,11,0,0
BRDA:112,11,1,0
BRDA:118,12,0,0
BRDA:118,12,1,0
BRDA:119,13,0,0
BRDA:119,13,1,0
BRDA:135,14,0,0
BRDA:135,14,1,0
BRDA:145,15,0,0
BRDA:145,15,1,0
BRDA:163,16,0,0
BRDA:163,16,1,0
BRDA:179,17,0,0
BRDA:179,17,1,0
BRDA:181,18,0,0
BRDA:181,18,1,0
BRDA:181,19,0,0
BRDA:181,19,1,0
BRDA:206,20,0,0
BRDA:206,20,1,0
BRDA:218,21,0,0
BRDA:218,21,1,0
BRDA:218,22,0,0
BRDA:218,22,1,0
BRDA:220,23,0,0
BRDA:220,23,1,0
BRDA:220,24,0,0
BRDA:220,24,1,0
BRDA:238,25,0,0
BRDA:238,25,1,0
BRDA:267,26,0,0
BRDA:267,26,1,0
BRDA:269,27,0,0
BRDA:269,27,1,0
BRDA:276,28,0,0
BRDA:276,28,1,0
BRDA:277,29,0,0
BRDA:277,29,1,0
BRDA:286,30,0,0
BRDA:286,30,1,0
BRDA:286,31,0,0
BRDA:286,31,1,0
BRDA:291,32,0,0
BRDA:291,32,1,0
BRDA:299,33,0,0
BRDA:299,33,1,0
BRDA:303,34,0,0
BRDA:303,34,1,0
BRDA:307,35,0,0
BRDA:307,35,1,0
BRDA:311,36,0,0
BRDA:311,36,1,0
BRDA:315,37,0,0
BRDA:315,37,1,0
BRDA:319,38,0,0
BRDA:319,38,1,0
BRDA:329,39,0,0
BRDA:329,39,1,0
BRDA:329,39,2,0
BRDA:329,39,3,0
BRDA:330,40,0,0
BRDA:330,40,1,0
BRF:83
BRH:0
end_of_record
TN:
SF:src/routes/health-orchestrator.ts
FN:5,(anonymous_0)
FN:22,(anonymous_1)
FN:45,(anonymous_2)
FN:57,(anonymous_3)
FN:57,(anonymous_4)
FN:63,(anonymous_5)
FN:63,(anonymous_6)
FN:68,(anonymous_7)
FN:79,(anonymous_8)
FN:94,(anonymous_9)
FN:109,(anonymous_10)
FN:126,(anonymous_11)
FN:134,(anonymous_12)
FN:147,(anonymous_13)
FN:153,(anonymous_14)
FN:162,(anonymous_15)
FN:172,(anonymous_16)
FNF:17
FNH:0
FNDA:0,(anonymous_0)
FNDA:0,(anonymous_1)
FNDA:0,(anonymous_2)
FNDA:0,(anonymous_3)
FNDA:0,(anonymous_4)
FNDA:0,(anonymous_5)
FNDA:0,(anonymous_6)
FNDA:0,(anonymous_7)
FNDA:0,(anonymous_8)
FNDA:0,(anonymous_9)
FNDA:0,(anonymous_10)
FNDA:0,(anonymous_11)
FNDA:0,(anonymous_12)
FNDA:0,(anonymous_13)
FNDA:0,(anonymous_14)
FNDA:0,(anonymous_15)
FNDA:0,(anonymous_16)
DA:3,0
DA:5,0
DA:6,0
DA:7,0
DA:8,0
DA:9,0
DA:15,0
DA:22,0
DA:23,0
DA:24,0
DA:25,0
DA:26,0
DA:27,0
DA:32,0
DA:33,0
DA:38,0
DA:45,0
DA:46,0
DA:47,0
DA:48,0
DA:57,0
DA:63,0
DA:68,0
DA:70,0
DA:72,0
DA:79,0
DA:80,0
DA:81,0
DA:82,0
DA:87,0
DA:94,0
DA:95,0
DA:96,0
DA:97,0
DA:102,0
DA:109,0
DA:110,0
DA:111,0
DA:112,0
DA:113,0
DA:119,0
DA:126,0
DA:127,0
DA:134,0
DA:135,0
DA:138,0
DA:139,0
DA:147,0
DA:148,0
DA:153,0
DA:154,0
DA:162,0
DA:163,0
DA:168,0
DA:169,0
DA:170,0
DA:172,0
DA:173,0
DA:174,0
DA:175,0
LF:60
LH:0
BRDA:8,0,0,0
BRDA:8,0,1,0
BRDA:8,1,0,0
BRDA:8,1,1,0
BRDA:17,2,0,0
BRDA:17,2,1,0
BRDA:26,3,0,0
BRDA:26,3,1,0
BRDA:32,4,0,0
BRDA:32,4,1,0
BRDA:32,5,0,0
BRDA:32,5,1,0
BRDA:40,6,0,0
BRDA:40,6,1,0
BRDA:74,7,0,0
BRDA:74,7,1,0
BRDA:89,8,0,0
BRDA:89,8,1,0
BRDA:104,9,0,0
BRDA:104,9,1,0
BRDA:121,10,0,0
BRDA:121,10,1,0
BRF:22
BRH:0
end_of_record
TN:
SF:src/routes/health.ts
FN:5,(anonymous_0)
FN:32,(anonymous_1)
FNF:2
FNH:0
FNDA:0,(anonymous_0)
FNDA:0,(anonymous_1)
DA:3,0
DA:5,0
DA:6,0
DA:8,0
DA:10,0
DA:11,0
DA:24,0
DA:32,0
DA:33,0
DA:34,0
DA:35,0
DA:36,0
DA:45,0
LF:13
LH:0
BRDA:10,0,0,0
BRDA:10,0,1,0
BRDA:15,1,0,0
BRDA:15,1,1,0
BRDA:21,2,0,0
BRDA:21,2,1,0
BRDA:26,3,0,0
BRDA:26,3,1,0
BRDA:47,4,0,0
BRDA:47,4,1,0
BRF:10
BRH:0
end_of_record
TN:
SF:src/routes/loadTesting.ts
FN:101,(anonymous_0)
FN:121,(anonymous_1)
FN:142,(anonymous_2)
FN:166,(anonymous_3)
FN:168,(anonymous_4)
FN:181,(anonymous_5)
FN:198,(anonymous_6)
FN:217,(anonymous_7)
FN:231,(anonymous_8)
FN:233,(anonymous_9)
FN:246,(anonymous_10)
FN:275,(anonymous_11)
FN:317,(anonymous_12)
FN:359,(anonymous_13)
FN:379,(anonymous_14)
FN:392,(anonymous_15)
FN:396,(anonymous_16)
FN:404,(anonymous_17)
FN:405,(anonymous_18)
FN:406,(anonymous_19)
FN:407,(anonymous_20)
FN:421,(anonymous_21)
FN:442,(anonymous_22)
FN:471,(anonymous_23)
FN:492,(anonymous_24)
FN:511,(anonymous_25)
FN:539,(anonymous_26)
FN:563,(anonymous_27)
FN:565,(anonymous_28)
FN:578,(anonymous_29)
FN:595,(anonymous_30)
FN:614,(anonymous_31)
FNF:32
FNH:0
FNDA:0,(anonymous_0)
FNDA:0,(anonymous_1)
FNDA:0,(anonymous_2)
FNDA:0,(anonymous_3)
FNDA:0,(anonymous_4)
FNDA:0,(anonymous_5)
FNDA:0,(anonymous_6)
FNDA:0,(anonymous_7)
FNDA:0,(anonymous_8)
FNDA:0,(anonymous_9)
FNDA:0,(anonymous_10)
FNDA:0,(anonymous_11)
FNDA:0,(anonymous_12)
FNDA:0,(anonymous_13)
FNDA:0,(anonymous_14)
FNDA:0,(anonymous_15)
FNDA:0,(anonymous_16)
FNDA:0,(anonymous_17)
FNDA:0,(anonymous_18)
FNDA:0,(anonymous_19)
FNDA:0,(anonymous_20)
FNDA:0,(anonymous_21)
FNDA:0,(anonymous_22)
FNDA:0,(anonymous_23)
FNDA:0,(anonymous_24)
FNDA:0,(anonymous_25)
FNDA:0,(anonymous_26)
FNDA:0,(anonymous_27)
FNDA:0,(anonymous_28)
FNDA:0,(anonymous_29)
FNDA:0,(anonymous_30)
FNDA:0,(anonymous_31)
DA:7,0
DA:9,0
DA:73,0
DA:81,0
DA:84,0
DA:90,0
DA:101,0
DA:102,0
DA:103,0
DA:104,0
DA:112,0
DA:121,0
DA:122,0
DA:123,0
DA:124,0
DA:125,0
DA:133,0
DA:142,0
DA:143,0
DA:144,0
DA:146,0
DA:147,0
DA:148,0
DA:155,0
DA:157,0
DA:166,0
DA:167,0
DA:169,0
DA:172,0
DA:181,0
DA:182,0
DA:183,0
DA:184,0
DA:189,0
DA:198,0
DA:199,0
DA:200,0
DA:201,0
DA:208,0
DA:217,0
DA:218,0
DA:219,0
DA:221,0
DA:222,0
DA:231,0
DA:232,0
DA:234,0
DA:237,0
DA:246,0
DA:247,0
DA:248,0
DA:249,0
DA:250,0
DA:251,0
DA:256,0
DA:260,0
DA:261,0
DA:267,0
DA:273,0
DA:274,0
DA:275,0
DA:296,0
DA:308,0
DA:317,0
DA:318,0
DA:319,0
DA:321,0
DA:327,0
DA:328,0
DA:329,0
DA:334,0
DA:335,0
DA:340,0
DA:350,0
DA:359,0
DA:360,0
DA:361,0
DA:362,0
DA:370,0
DA:379,0
DA:380,0
DA:381,0
DA:383,0
DA:384,0
DA:389,0
DA:391,0
DA:392,0
DA:395,0
DA:396,0
DA:398,0
DA:404,0
DA:405,0
DA:406,0
DA:407,0
DA:412,0
DA:421,0
DA:422,0
DA:423,0
DA:424,0
DA:425,0
DA:433,0
DA:442,0
DA:443,0
DA:444,0
DA:445,0
DA:446,0
DA:447,0
DA:452,0
DA:456,0
DA:457,0
DA:462,0
DA:471,0
DA:472,0
DA:473,0
DA:474,0
DA:475,0
DA:483,0
DA:492,0
DA:493,0
DA:494,0
DA:495,0
DA:502,0
DA:511,0
DA:512,0
DA:513,0
DA:514,0
DA:530,0
DA:539,0
DA:540,0
DA:541,0
DA:543,0
DA:544,0
DA:545,0
DA:553,0
DA:554,0
DA:563,0
DA:564,0
DA:566,0
DA:569,0
DA:578,0
DA:579,0
DA:580,0
DA:581,0
DA:586,0
DA:595,0
DA:596,0
DA:597,0
DA:598,0
DA:605,0
DA:614,0
DA:615,0
DA:616,0
DA:617,0
DA:618,0
DA:635,0
DA:640,0
LF:156
LH:0
BRDA:147,0,0,0
BRDA:147,0,1,0
BRDA:249,1,0,0
BRDA:249,1,1,0
BRDA:250,2,0,0
BRDA:250,2,1,0
BRDA:260,3,0,0
BRDA:260,3,1,0
BRDA:273,4,0,0
BRDA:273,4,1,0
BRDA:292,5,0,0
BRDA:292,5,1,0
BRDA:293,6,0,0
BRDA:293,6,1,0
BRDA:328,7,0,0
BRDA:328,7,1,0
BRDA:383,8,0,0
BRDA:383,8,1,0
BRDA:383,9,0,0
BRDA:383,9,1,0
BRDA:391,10,0,0
BRDA:391,10,1,0
BRDA:395,11,0,0
BRDA:395,11,1,0
BRDA:446,12,0,0
BRDA:446,12,1,0
BRDA:446,13,0,0
BRDA:446,13,1,0
BRDA:473,14,0,0
BRDA:473,14,1,0
BRDA:541,15,0,0
BRDA:541,15,1,0
BRDA:544,16,0,0
BRDA:544,16,1,0
BRDA:631,17,0,0
BRDA:631,17,1,0
BRF:36
BRH:0
end_of_record
TN:
SF:src/routes/optimization.ts
FN:9,(anonymous_0)
FN:33,(anonymous_1)
FN:62,(anonymous_2)
FN:89,(anonymous_3)
FN:113,(anonymous_4)
FN:142,(anonymous_5)
FN:161,(anonymous_6)
FN:186,(anonymous_7)
FN:205,(anonymous_8)
FN:229,(anonymous_9)
FN:248,(anonymous_10)
FN:272,(anonymous_11)
FN:296,(anonymous_12)
FN:320,(anonymous_13)
FN:344,(anonymous_14)
FN:368,(anonymous_15)
FN:392,(anonymous_16)
FN:411,(anonymous_17)
FNF:18
FNH:0
FNDA:0,(anonymous_0)
FNDA:0,(anonymous_1)
FNDA:0,(anonymous_2)
FNDA:0,(anonymous_3)
FNDA:0,(anonymous_4)
FNDA:0,(anonymous_5)
FNDA:0,(anonymous_6)
FNDA:0,(anonymous_7)
FNDA:0,(anonymous_8)
FNDA:0,(anonymous_9)
FNDA:0,(anonymous_10)
FNDA:0,(anonymous_11)
FNDA:0,(anonymous_12)
FNDA:0,(anonymous_13)
FNDA:0,(anonymous_14)
FNDA:0,(anonymous_15)
FNDA:0,(anonymous_16)
FNDA:0,(anonymous_17)
DA:5,0
DA:9,0
DA:10,0
DA:11,0
DA:12,0
DA:13,0
DA:17,0
DA:18,0
DA:23,0
DA:24,0
DA:33,0
DA:34,0
DA:35,0
DA:36,0
DA:37,0
DA:41,0
DA:42,0
DA:46,0
DA:47,0
DA:52,0
DA:53,0
DA:62,0
DA:63,0
DA:64,0
DA:65,0
DA:66,0
DA:67,0
DA:71,0
DA:72,0
DA:73,0
DA:74,0
DA:79,0
DA:80,0
DA:89,0
DA:90,0
DA:91,0
DA:92,0
DA:93,0
DA:97,0
DA:98,0
DA:103,0
DA:104,0
DA:113,0
DA:114,0
DA:115,0
DA:116,0
DA:117,0
DA:121,0
DA:122,0
DA:126,0
DA:127,0
DA:132,0
DA:133,0
DA:142,0
DA:143,0
DA:144,0
DA:145,0
DA:146,0
DA:151,0
DA:152,0
DA:161,0
DA:162,0
DA:163,0
DA:164,0
DA:165,0
DA:166,0
DA:170,0
DA:171,0
DA:176,0
DA:177,0
DA:186,0
DA:187,0
DA:188,0
DA:189,0
DA:190,0
DA:195,0
DA:196,0
DA:205,0
DA:206,0
DA:207,0
DA:208,0
DA:209,0
DA:213,0
DA:214,0
DA:219,0
DA:220,0
DA:229,0
DA:230,0
DA:231,0
DA:232,0
DA:233,0
DA:238,0
DA:239,0
DA:248,0
DA:249,0
DA:250,0
DA:251,0
DA:252,0
DA:256,0
DA:257,0
DA:262,0
DA:263,0
DA:272,0
DA:273,0
DA:274,0
DA:275,0
DA:276,0
DA:280,0
DA:281,0
DA:286,0
DA:287,0
DA:296,0
DA:297,0
DA:298,0
DA:299,0
DA:300,0
DA:304,0
DA:305,0
DA:310,0
DA:311,0
DA:320,0
DA:321,0
DA:322,0
DA:323,0
DA:324,0
DA:328,0
DA:329,0
DA:334,0
DA:335,0
DA:344,0
DA:345,0
DA:346,0
DA:347,0
DA:348,0
DA:352,0
DA:353,0
DA:358,0
DA:359,0
DA:368,0
DA:369,0
DA:370,0
DA:371,0
DA:372,0
DA:376,0
DA:377,0
DA:382,0
DA:383,0
DA:392,0
DA:393,0
DA:394,0
DA:395,0
DA:396,0
DA:401,0
DA:402,0
DA:411,0
DA:412,0
LF:156
LH:0
BRDA:12,0,0,0
BRDA:12,0,1,0
BRDA:12,1,0,0
BRDA:12,1,1,0
BRDA:26,2,0,0
BRDA:26,2,1,0
BRDA:36,3,0,0
BRDA:36,3,1,0
BRDA:36,4,0,0
BRDA:36,4,1,0
BRDA:41,5,0,0
BRDA:41,5,1,0
BRDA:41,6,0,0
BRDA:41,6,1,0
BRDA:41,6,2,0
BRDA:55,7,0,0
BRDA:55,7,1,0
BRDA:66,8,0,0
BRDA:66,8,1,0
BRDA:71,9,0,0
BRDA:71,9,1,0
BRDA:72,10,0,0
BRDA:72,10,1,0
BRDA:82,11,0,0
BRDA:82,11,1,0
BRDA:92,12,0,0
BRDA:92,12,1,0
BRDA:97,13,0,0
BRDA:97,13,1,0
BRDA:97,14,0,0
BRDA:97,14,1,0
BRDA:106,15,0,0
BRDA:106,15,1,0
BRDA:116,16,0,0
BRDA:116,16,1,0
BRDA:116,17,0,0
BRDA:116,17,1,0
BRDA:116,17,2,0
BRDA:121,18,0,0
BRDA:121,18,1,0
BRDA:135,19,0,0
BRDA:135,19,1,0
BRDA:154,20,0,0
BRDA:154,20,1,0
BRDA:165,21,0,0
BRDA:165,21,1,0
BRDA:165,22,0,0
BRDA:165,22,1,0
BRDA:179,23,0,0
BRDA:179,23,1,0
BRDA:198,24,0,0
BRDA:198,24,1,0
BRDA:208,25,0,0
BRDA:208,25,1,0
BRDA:208,26,0,0
BRDA:208,26,1,0
BRDA:222,27,0,0
BRDA:222,27,1,0
BRDA:241,28,0,0
BRDA:241,28,1,0
BRDA:251,29,0,0
BRDA:251,29,1,0
BRDA:251,30,0,0
BRDA:251,30,1,0
BRDA:256,31,0,0
BRDA:256,31,1,0
BRDA:265,32,0,0
BRDA:265,32,1,0
BRDA:275,33,0,0
BRDA:275,33,1,0
BRDA:289,34,0,0
BRDA:289,34,1,0
BRDA:299,35,0,0
BRDA:299,35,1,0
BRDA:304,36,0,0
BRDA:304,36,1,0
BRDA:313,37,0,0
BRDA:313,37,1,0
BRDA:323,38,0,0
BRDA:323,38,1,0
BRDA:337,39,0,0
BRDA:337,39,1,0
BRDA:347,40,0,0
BRDA:347,40,1,0
BRDA:347,41,0,0
BRDA:347,41,1,0
BRDA:347,41,2,0
BRDA:361,42,0,0
BRDA:361,42,1,0
BRDA:371,43,0,0
BRDA:371,43,1,0
BRDA:376,44,0,0
BRDA:376,44,1,0
BRDA:385,45,0,0
BRDA:385,45,1,0
BRDA:404,46,0,0
BRDA:404,46,1,0
BRF:97
BRH:0
end_of_record
TN:
SF:src/routes/parallelTestExecution.ts
FN:9,(anonymous_0)
FN:13,(anonymous_1)
FN:16,(anonymous_2)
FN:22,(anonymous_3)
FN:43,(anonymous_4)
FN:77,(anonymous_5)
FN:102,(anonymous_6)
FN:120,(anonymous_7)
FN:145,(anonymous_8)
FN:163,(anonymous_9)
FN:185,(anonymous_10)
FN:193,(anonymous_11)
FN:194,(anonymous_12)
FN:195,(anonymous_13)
FN:196,(anonymous_14)
FN:217,(anonymous_15)
FN:246,(anonymous_16)
FN:280,(anonymous_17)
FN:281,(anonymous_18)
FN:294,(anonymous_19)
FN:299,(anonymous_20)
FNF:21
FNH:0
FNDA:0,(anonymous_0)
FNDA:0,(anonymous_1)
FNDA:0,(anonymous_2)
FNDA:0,(anonymous_3)
FNDA:0,(anonymous_4)
FNDA:0,(anonymous_5)
FNDA:0,(anonymous_6)
FNDA:0,(anonymous_7)
FNDA:0,(anonymous_8)
FNDA:0,(anonymous_9)
FNDA:0,(anonymous_10)
FNDA:0,(anonymous_11)
FNDA:0,(anonymous_12)
FNDA:0,(anonymous_13)
FNDA:0,(anonymous_14)
FNDA:0,(anonymous_15)
FNDA:0,(anonymous_16)
FNDA:0,(anonymous_17)
FNDA:0,(anonymous_18)
FNDA:0,(anonymous_19)
FNDA:0,(anonymous_20)
DA:5,0
DA:7,0
DA:9,0
DA:11,0
DA:13,0
DA:14,0
DA:16,0
DA:17,0
DA:22,0
DA:23,0
DA:24,0
DA:26,0
DA:27,0
DA:33,0
DA:34,0
DA:35,0
DA:41,0
DA:43,0
DA:46,0
DA:47,0
DA:53,0
DA:54,0
DA:67,0
DA:68,0
DA:77,0
DA:78,0
DA:79,0
DA:80,0
DA:81,0
DA:82,0
DA:87,0
DA:92,0
DA:93,0
DA:102,0
DA:103,0
DA:104,0
DA:105,0
DA:110,0
DA:111,0
DA:120,0
DA:121,0
DA:122,0
DA:123,0
DA:124,0
DA:125,0
DA:130,0
DA:135,0
DA:136,0
DA:145,0
DA:146,0
DA:147,0
DA:148,0
DA:153,0
DA:154,0
DA:163,0
DA:164,0
DA:165,0
DA:167,0
DA:178,0
DA:179,0
DA:185,0
DA:191,0
DA:193,0
DA:194,0
DA:195,0
DA:196,0
DA:198,0
DA:207,0
DA:208,0
DA:217,0
DA:218,0
DA:219,0
DA:220,0
DA:221,0
DA:222,0
DA:223,0
DA:224,0
DA:225,0
DA:236,0
DA:237,0
DA:246,0
DA:247,0
DA:248,0
DA:249,0
DA:250,0
DA:255,0
DA:256,0
DA:257,0
DA:258,0
DA:259,0
DA:260,0
DA:267,0
DA:275,0
DA:280,0
DA:281,0
DA:286,0
DA:287,0
DA:294,0
DA:295,0
DA:296,0
DA:297,0
DA:299,0
DA:300,0
DA:301,0
DA:302,0
LF:105
LH:0
BRDA:24,0,0,0
BRDA:26,1,0,0
BRDA:26,1,1,0
BRDA:26,2,0,0
BRDA:26,2,1,0
BRDA:26,2,2,0
BRDA:26,2,3,0
BRDA:34,3,0,0
BRDA:34,3,1,0
BRDA:46,4,0,0
BRDA:46,4,1,0
BRDA:53,5,0,0
BRDA:53,5,1,0
BRDA:61,6,0,0
BRDA:61,6,1,0
BRDA:62,7,0,0
BRDA:62,7,1,0
BRDA:70,8,0,0
BRDA:70,8,1,0
BRDA:81,9,0,0
BRDA:81,9,1,0
BRDA:95,10,0,0
BRDA:95,10,1,0
BRDA:113,11,0,0
BRDA:113,11,1,0
BRDA:124,12,0,0
BRDA:124,12,1,0
BRDA:138,13,0,0
BRDA:138,13,1,0
BRDA:156,14,0,0
BRDA:156,14,1,0
BRDA:178,15,0,0
BRDA:178,15,1,0
BRDA:187,16,0,0
BRDA:187,16,1,0
BRDA:210,17,0,0
BRDA:210,17,1,0
BRDA:239,18,0,0
BRDA:239,18,1,0
BRDA:249,19,0,0
BRDA:249,19,1,0
BRDA:249,20,0,0
BRDA:249,20,1,0
BRDA:259,21,0,0
BRDA:259,21,1,0
BRDA:259,22,0,0
BRDA:259,22,1,0
BRDA:271,23,0,0
BRDA:271,23,1,0
BRDA:289,24,0,0
BRDA:289,24,1,0
BRF:51
BRH:0
end_of_record
TN:
SF:src/routes/performance.ts
FN:10,(anonymous_0)
FN:42,(anonymous_1)
FN:78,(anonymous_2)
FN:84,(anonymous_3)
FN:93,(anonymous_4)
FN:94,(anonymous_5)
FN:95,(anonymous_6)
FN:96,(anonymous_7)
FN:110,(anonymous_8)
FN:139,(anonymous_9)
FN:176,(anonymous_10)
FN:195,(anonymous_11)
FN:196,(anonymous_12)
FN:197,(anonymous_13)
FN:214,(anonymous_14)
FN:249,(anonymous_15)
FN:265,(anonymous_16)
FN:266,(anonymous_17)
FN:267,(anonymous_18)
FN:269,(anonymous_19)
FN:282,(anonymous_20)
FN:320,(anonymous_21)
FN:373,(anonymous_22)
FN:374,(anonymous_23)
FN:375,(anonymous_24)
FN:389,(anonymous_25)
FN:424,(anonymous_26)
FN:443,(anonymous_27)
FN:459,(anonymous_28)
FN:470,(anonymous_29)
FNF:30
FNH:0
FNDA:0,(anonymous_0)
FNDA:0,(anonymous_1)
FNDA:0,(anonymous_2)
FNDA:0,(anonymous_3)
FNDA:0,(anonymous_4)
FNDA:0,(anonymous_5)
FNDA:0,(anonymous_6)
FNDA:0,(anonymous_7)
FNDA:0,(anonymous_8)
FNDA:0,(anonymous_9)
FNDA:0,(anonymous_10)
FNDA:0,(anonymous_11)
FNDA:0,(anonymous_12)
FNDA:0,(anonymous_13)
FNDA:0,(anonymous_14)
FNDA:0,(anonymous_15)
FNDA:0,(anonymous_16)
FNDA:0,(anonymous_17)
FNDA:0,(anonymous_18)
FNDA:0,(anonymous_19)
FNDA:0,(anonymous_20)
FNDA:0,(anonymous_21)
FNDA:0,(anonymous_22)
FNDA:0,(anonymous_23)
FNDA:0,(anonymous_24)
FNDA:0,(anonymous_25)
FNDA:0,(anonymous_26)
FNDA:0,(anonymous_27)
FNDA:0,(anonymous_28)
FNDA:0,(anonymous_29)
DA:4,0
DA:6,0
DA:10,0
DA:11,0
DA:12,0
DA:18,0
DA:33,0
DA:42,0
DA:43,0
DA:44,0
DA:45,0
DA:46,0
DA:47,0
DA:48,0
DA:57,0
DA:58,0
DA:59,0
DA:69,0
DA:78,0
DA:79,0
DA:80,0
DA:81,0
DA:82,0
DA:83,0
DA:84,0
DA:86,0
DA:93,0
DA:94,0
DA:95,0
DA:96,0
DA:101,0
DA:110,0
DA:111,0
DA:112,0
DA:113,0
DA:121,0
DA:130,0
DA:139,0
DA:140,0
DA:141,0
DA:162,0
DA:167,0
DA:176,0
DA:177,0
DA:179,0
DA:180,0
DA:186,0
DA:195,0
DA:196,0
DA:197,0
DA:200,0
DA:205,0
DA:214,0
DA:215,0
DA:216,0
DA:217,0
DA:219,0
DA:221,0
DA:222,0
DA:230,0
DA:231,0
DA:239,0
DA:240,0
DA:248,0
DA:249,0
DA:250,0
DA:251,0
DA:259,0
DA:265,0
DA:266,0
DA:267,0
DA:269,0
DA:273,0
DA:282,0
DA:283,0
DA:284,0
DA:285,0
DA:286,0
DA:287,0
DA:289,0
DA:290,0
DA:304,0
DA:305,0
DA:319,0
DA:320,0
DA:321,0
DA:322,0
DA:337,0
DA:338,0
DA:339,0
DA:353,0
DA:354,0
DA:367,0
DA:373,0
DA:374,0
DA:375,0
DA:380,0
DA:389,0
DA:390,0
DA:391,0
DA:392,0
DA:393,0
DA:398,0
DA:399,0
DA:404,0
DA:405,0
DA:415,0
DA:424,0
DA:425,0
DA:426,0
DA:427,0
DA:434,0
DA:443,0
DA:444,0
DA:445,0
DA:446,0
DA:447,0
DA:448,0
DA:450,0
DA:459,0
DA:460,0
DA:461,0
DA:462,0
DA:463,0
DA:470,0
DA:472,0
DA:473,0
DA:478,0
LF:128
LH:0
BRDA:45,0,0,0
BRDA:45,0,1,0
BRDA:46,1,0,0
BRDA:46,1,1,0
BRDA:83,2,0,0
BRDA:83,2,1,0
BRDA:142,3,0,0
BRDA:142,3,1,0
BRDA:143,4,0,0
BRDA:143,4,1,0
BRDA:179,5,0,0
BRDA:179,5,1,0
BRDA:180,6,0,0
BRDA:180,6,1,0
BRDA:195,7,0,0
BRDA:195,7,1,0
BRDA:221,8,0,0
BRDA:221,8,1,0
BRDA:221,9,0,0
BRDA:221,9,1,0
BRDA:224,10,0,0
BRDA:224,10,1,0
BRDA:230,11,0,0
BRDA:230,11,1,0
BRDA:230,12,0,0
BRDA:230,12,1,0
BRDA:233,13,0,0
BRDA:233,13,1,0
BRDA:239,14,0,0
BRDA:239,14,1,0
BRDA:239,15,0,0
BRDA:239,15,1,0
BRDA:242,16,0,0
BRDA:242,16,1,0
BRDA:248,17,0,0
BRDA:248,17,1,0
BRDA:250,18,0,0
BRDA:250,18,1,0
BRDA:253,19,0,0
BRDA:253,19,1,0
BRDA:253,20,0,0
BRDA:253,20,1,0
BRDA:289,21,0,0
BRDA:289,21,1,0
BRDA:292,22,0,0
BRDA:292,22,1,0
BRDA:304,23,0,0
BRDA:304,23,1,0
BRDA:307,24,0,0
BRDA:307,24,1,0
BRDA:319,25,0,0
BRDA:319,25,1,0
BRDA:321,26,0,0
BRDA:321,26,1,0
BRDA:337,27,0,0
BRDA:337,27,1,0
BRDA:338,28,0,0
BRDA:338,28,1,0
BRDA:338,29,0,0
BRDA:338,29,1,0
BRDA:353,30,0,0
BRDA:353,30,1,0
BRDA:356,31,0,0
BRDA:356,31,1,0
BRDA:392,32,0,0
BRDA:392,32,1,0
BRDA:392,33,0,0
BRDA:392,33,1,0
BRDA:392,33,2,0
BRDA:398,34,0,0
BRDA:398,34,1,0
BRDA:472,35,0,0
BRDA:472,35,1,0
BRDA:472,36,0,0
BRDA:472,36,1,0
BRF:75
BRH:0
end_of_record
TN:
SF:src/routes/predictive-analytics.ts
FN:10,(anonymous_0)
FN:39,(anonymous_1)
FN:66,(anonymous_2)
FN:90,(anonymous_3)
FN:109,(anonymous_4)
FN:126,(anonymous_5)
FN:150,(anonymous_6)
FN:168,(anonymous_7)
FN:187,(anonymous_8)
FN:204,(anonymous_9)
FN:231,(anonymous_10)
FN:255,(anonymous_11)
FN:272,(anonymous_12)
FN:298,(anonymous_13)
FN:324,(anonymous_14)
FN:341,(anonymous_15)
FN:359,(anonymous_16)
FN:377,(anonymous_17)
FN:396,(anonymous_18)
FN:413,(anonymous_19)
FN:433,(anonymous_20)
FN:450,(anonymous_21)
FN:469,(anonymous_22)
FN:486,(anonymous_23)
FN:503,(anonymous_24)
FN:519,(anonymous_25)
FNF:26
FNH:0
FNDA:0,(anonymous_0)
FNDA:0,(anonymous_1)
FNDA:0,(anonymous_2)
FNDA:0,(anonymous_3)
FNDA:0,(anonymous_4)
FNDA:0,(anonymous_5)
FNDA:0,(anonymous_6)
FNDA:0,(anonymous_7)
FNDA:0,(anonymous_8)
FNDA:0,(anonymous_9)
FNDA:0,(anonymous_10)
FNDA:0,(anonymous_11)
FNDA:0,(anonymous_12)
FNDA:0,(anonymous_13)
FNDA:0,(anonymous_14)
FNDA:0,(anonymous_15)
FNDA:0,(anonymous_16)
FNDA:0,(anonymous_17)
FNDA:0,(anonymous_18)
FNDA:0,(anonymous_19)
FNDA:0,(anonymous_20)
FNDA:0,(anonymous_21)
FNDA:0,(anonymous_22)
FNDA:0,(anonymous_23)
FNDA:0,(anonymous_24)
FNDA:0,(anonymous_25)
DA:5,0
DA:6,0
DA:10,0
DA:11,0
DA:12,0
DA:13,0
DA:14,0
DA:19,0
DA:20,0
DA:30,0
DA:31,0
DA:39,0
DA:40,0
DA:45,0
DA:46,0
DA:47,0
DA:57,0
DA:58,0
DA:66,0
DA:67,0
DA:68,0
DA:69,0
DA:70,0
DA:75,0
DA:76,0
DA:81,0
DA:82,0
DA:90,0
DA:91,0
DA:92,0
DA:93,0
DA:94,0
DA:95,0
DA:100,0
DA:101,0
DA:109,0
DA:110,0
DA:111,0
DA:112,0
DA:117,0
DA:118,0
DA:126,0
DA:127,0
DA:128,0
DA:129,0
DA:130,0
DA:135,0
DA:136,0
DA:141,0
DA:142,0
DA:150,0
DA:151,0
DA:152,0
DA:153,0
DA:158,0
DA:159,0
DA:168,0
DA:169,0
DA:170,0
DA:171,0
DA:172,0
DA:178,0
DA:179,0
DA:187,0
DA:188,0
DA:189,0
DA:190,0
DA:195,0
DA:196,0
DA:204,0
DA:205,0
DA:210,0
DA:211,0
DA:212,0
DA:222,0
DA:223,0
DA:231,0
DA:232,0
DA:233,0
DA:234,0
DA:235,0
DA:240,0
DA:241,0
DA:246,0
DA:247,0
DA:255,0
DA:256,0
DA:257,0
DA:258,0
DA:263,0
DA:264,0
DA:272,0
DA:273,0
DA:274,0
DA:275,0
DA:276,0
DA:277,0
DA:278,0
DA:283,0
DA:289,0
DA:290,0
DA:298,0
DA:299,0
DA:300,0
DA:301,0
DA:302,0
DA:303,0
DA:304,0
DA:309,0
DA:315,0
DA:316,0
DA:324,0
DA:325,0
DA:326,0
DA:327,0
DA:332,0
DA:333,0
DA:341,0
DA:342,0
DA:343,0
DA:344,0
DA:345,0
DA:350,0
DA:351,0
DA:359,0
DA:360,0
DA:361,0
DA:362,0
DA:367,0
DA:368,0
DA:377,0
DA:378,0
DA:379,0
DA:380,0
DA:381,0
DA:387,0
DA:388,0
DA:396,0
DA:397,0
DA:398,0
DA:399,0
DA:404,0
DA:405,0
DA:413,0
DA:414,0
DA:415,0
DA:416,0
DA:417,0
DA:418,0
DA:419,0
DA:424,0
DA:425,0
DA:433,0
DA:434,0
DA:435,0
DA:436,0
DA:441,0
DA:442,0
DA:450,0
DA:451,0
DA:452,0
DA:453,0
DA:454,0
DA:455,0
DA:460,0
DA:461,0
DA:469,0
DA:470,0
DA:471,0
DA:472,0
DA:477,0
DA:478,0
DA:486,0
DA:487,0
DA:488,0
DA:489,0
DA:494,0
DA:495,0
DA:503,0
DA:504,0
DA:505,0
DA:506,0
DA:511,0
DA:512,0
DA:519,0
DA:520,0
DA:521,0
DA:535,0
DA:540,0
DA:541,0
LF:190
LH:0
BRDA:12,0,0,0
BRDA:13,1,0,0
BRDA:13,1,1,0
BRDA:33,2,0,0
BRDA:33,2,1,0
BRDA:41,3,0,0
BRDA:45,4,0,0
BRDA:60,5,0,0
BRDA:60,5,1,0
BRDA:68,6,0,0
BRDA:69,7,0,0
BRDA:69,7,1,0
BRDA:84,8,0,0
BRDA:84,8,1,0
BRDA:93,9,0,0
BRDA:93,9,1,0
BRDA:103,10,0,0
BRDA:103,10,1,0
BRDA:120,11,0,0
BRDA:120,11,1,0
BRDA:128,12,0,0
BRDA:129,13,0,0
BRDA:129,13,1,0
BRDA:144,14,0,0
BRDA:144,14,1,0
BRDA:161,15,0,0
BRDA:161,15,1,0
BRDA:170,16,0,0
BRDA:181,17,0,0
BRDA:181,17,1,0
BRDA:198,18,0,0
BRDA:198,18,1,0
BRDA:206,19,0,0
BRDA:210,20,0,0
BRDA:225,21,0,0
BRDA:225,21,1,0
BRDA:233,22,0,0
BRDA:234,23,0,0
BRDA:234,23,1,0
BRDA:249,24,0,0
BRDA:249,24,1,0
BRDA:277,25,0,0
BRDA:277,25,1,0
BRDA:303,26,0,0
BRDA:303,26,1,0
BRDA:379,27,0,0
BRDA:390,28,0,0
BRDA:390,28,1,0
BRDA:416,29,0,0
BRDA:416,29,1,0
BRDA:417,30,0,0
BRDA:417,30,1,0
BRDA:427,31,0,0
BRDA:427,31,1,0
BRDA:444,32,0,0
BRDA:444,32,1,0
BRDA:453,33,0,0
BRDA:463,34,0,0
BRDA:463,34,1,0
BRDA:480,35,0,0
BRDA:480,35,1,0
BRDA:514,36,0,0
BRDA:514,36,1,0
BRDA:525,37,0,0
BRDA:525,37,1,0
BRDA:526,38,0,0
BRDA:526,38,1,0
BRDA:530,39,0,0
BRDA:530,39,1,0
BRDA:531,40,0,0
BRDA:531,40,1,0
BRF:71
BRH:0
end_of_record
TN:
SF:src/routes/promptCards.ts
FN:6,(anonymous_0)
FN:46,(anonymous_1)
FN:68,(anonymous_2)
FN:90,(anonymous_3)
FN:105,(anonymous_4)
FN:130,(anonymous_5)
FN:163,(anonymous_6)
FNF:7
FNH:0
FNDA:0,(anonymous_0)
FNDA:0,(anonymous_1)
FNDA:0,(anonymous_2)
FNDA:0,(anonymous_3)
FNDA:0,(anonymous_4)
FNDA:0,(anonymous_5)
FNDA:0,(anonymous_6)
DA:4,0
DA:6,0
DA:7,0
DA:8,0
DA:9,0
DA:10,0
DA:11,0
DA:13,0
DA:14,0
DA:15,0
DA:16,0
DA:17,0
DA:23,0
DA:28,0
DA:29,0
DA:31,0
DA:42,0
DA:43,0
DA:44,0
DA:46,0
DA:61,0
DA:68,0
DA:69,0
DA:70,0
DA:72,0
DA:75,0
DA:76,0
DA:82,0
DA:85,0
DA:90,0
DA:98,0
DA:105,0
DA:106,0
DA:107,0
DA:108,0
DA:112,0
DA:115,0
DA:123,0
DA:130,0
DA:131,0
DA:132,0
DA:133,0
DA:134,0
DA:139,0
DA:140,0
DA:145,0
DA:148,0
DA:156,0
DA:163,0
DA:164,0
DA:165,0
DA:166,0
DA:169,0
DA:170,0
DA:175,0
DA:180,0
LF:56
LH:0
BRDA:8,0,0,0
BRDA:8,0,1,0
BRDA:9,1,0,0
BRDA:9,1,1,0
BRDA:15,2,0,0
BRDA:15,2,1,0
BRDA:48,3,0,0
BRDA:48,3,1,0
BRDA:63,4,0,0
BRDA:63,4,1,0
BRDA:75,5,0,0
BRDA:75,5,1,0
BRDA:89,6,0,0
BRDA:89,6,1,0
BRDA:93,7,0,0
BRDA:93,7,1,0
BRDA:100,8,0,0
BRDA:100,8,1,0
BRDA:111,9,0,0
BRDA:111,9,1,0
BRDA:119,10,0,0
BRDA:119,10,1,0
BRDA:125,11,0,0
BRDA:125,11,1,0
BRDA:138,12,0,0
BRDA:138,12,1,0
BRDA:139,13,0,0
BRDA:139,13,1,0
BRDA:152,14,0,0
BRDA:152,14,1,0
BRDA:158,15,0,0
BRDA:158,15,1,0
BRDA:169,16,0,0
BRDA:169,16,1,0
BRDA:182,17,0,0
BRDA:182,17,1,0
BRF:36
BRH:0
end_of_record
TN:
SF:src/routes/security.ts
FN:5,(anonymous_0)
FN:25,(anonymous_1)
FN:36,(anonymous_2)
FN:47,(anonymous_3)
FN:58,(anonymous_4)
FN:73,(anonymous_5)
FN:94,(anonymous_6)
FN:121,(anonymous_7)
FN:148,(anonymous_8)
FN:164,(anonymous_9)
FN:176,(anonymous_10)
FN:198,(anonymous_11)
FN:224,(anonymous_12)
FN:251,(anonymous_13)
FN:264,(anonymous_14)
FN:275,(anonymous_15)
FN:295,(anonymous_16)
FN:316,(anonymous_17)
FN:329,(anonymous_18)
FN:340,(anonymous_19)
FN:360,(anonymous_20)
FN:381,(anonymous_21)
FN:396,(anonymous_22)
FN:408,(anonymous_23)
FN:422,(anonymous_24)
FN:441,(anonymous_25)
FN:454,(anonymous_26)
FNF:27
FNH:0
FNDA:0,(anonymous_0)
FNDA:0,(anonymous_1)
FNDA:0,(anonymous_2)
FNDA:0,(anonymous_3)
FNDA:0,(anonymous_4)
FNDA:0,(anonymous_5)
FNDA:0,(anonymous_6)
FNDA:0,(anonymous_7)
FNDA:0,(anonymous_8)
FNDA:0,(anonymous_9)
FNDA:0,(anonymous_10)
FNDA:0,(anonymous_11)
FNDA:0,(anonymous_12)
FNDA:0,(anonymous_13)
FNDA:0,(anonymous_14)
FNDA:0,(anonymous_15)
FNDA:0,(anonymous_16)
FNDA:0,(anonymous_17)
FNDA:0,(anonymous_18)
FNDA:0,(anonymous_19)
FNDA:0,(anonymous_20)
FNDA:0,(anonymous_21)
FNDA:0,(anonymous_22)
FNDA:0,(anonymous_23)
FNDA:0,(anonymous_24)
FNDA:0,(anonymous_25)
FNDA:0,(anonymous_26)
DA:3,0
DA:5,0
DA:6,0
DA:7,0
DA:8,0
DA:9,0
DA:10,0
DA:18,0
DA:25,0
DA:26,0
DA:27,0
DA:28,0
DA:30,0
DA:36,0
DA:37,0
DA:38,0
DA:39,0
DA:41,0
DA:47,0
DA:48,0
DA:49,0
DA:50,0
DA:52,0
DA:58,0
DA:59,0
DA:60,0
DA:61,0
DA:66,0
DA:73,0
DA:74,0
DA:75,0
DA:76,0
DA:77,0
DA:78,0
DA:79,0
DA:80,0
DA:81,0
DA:82,0
DA:83,0
DA:88,0
DA:94,0
DA:95,0
DA:96,0
DA:97,0
DA:98,0
DA:102,0
DA:110,0
DA:114,0
DA:121,0
DA:122,0
DA:123,0
DA:124,0
DA:125,0
DA:126,0
DA:127,0
DA:128,0
DA:129,0
DA:130,0
DA:135,0
DA:136,0
DA:137,0
DA:142,0
DA:148,0
DA:149,0
DA:150,0
DA:151,0
DA:155,0
DA:156,0
DA:158,0
DA:164,0
DA:165,0
DA:166,0
DA:167,0
DA:169,0
DA:176,0
DA:177,0
DA:178,0
DA:179,0
DA:180,0
DA:181,0
DA:182,0
DA:183,0
DA:184,0
DA:185,0
DA:186,0
DA:187,0
DA:192,0
DA:198,0
DA:199,0
DA:200,0
DA:201,0
DA:202,0
DA:203,0
DA:207,0
DA:208,0
DA:209,0
DA:213,0
DA:218,0
DA:224,0
DA:225,0
DA:226,0
DA:227,0
DA:228,0
DA:229,0
DA:233,0
DA:234,0
DA:235,0
DA:239,0
DA:244,0
DA:251,0
DA:252,0
DA:253,0
DA:254,0
DA:258,0
DA:264,0
DA:265,0
DA:266,0
DA:267,0
DA:269,0
DA:275,0
DA:276,0
DA:277,0
DA:278,0
DA:279,0
DA:280,0
DA:284,0
DA:289,0
DA:295,0
DA:296,0
DA:297,0
DA:298,0
DA:299,0
DA:300,0
DA:304,0
DA:309,0
DA:316,0
DA:317,0
DA:318,0
DA:319,0
DA:323,0
DA:329,0
DA:330,0
DA:331,0
DA:332,0
DA:334,0
DA:340,0
DA:341,0
DA:342,0
DA:343,0
DA:344,0
DA:345,0
DA:349,0
DA:354,0
DA:360,0
DA:361,0
DA:362,0
DA:363,0
DA:364,0
DA:365,0
DA:369,0
DA:374,0
DA:381,0
DA:382,0
DA:383,0
DA:384,0
DA:385,0
DA:390,0
DA:396,0
DA:397,0
DA:398,0
DA:399,0
DA:400,0
DA:402,0
DA:408,0
DA:409,0
DA:410,0
DA:411,0
DA:412,0
DA:416,0
DA:422,0
DA:423,0
DA:424,0
DA:425,0
DA:426,0
DA:427,0
DA:428,0
DA:429,0
DA:430,0
DA:431,0
DA:435,0
DA:441,0
DA:442,0
DA:443,0
DA:444,0
DA:445,0
DA:447,0
DA:454,0
DA:455,0
DA:456,0
DA:462,0
DA:465,0
DA:468,0
DA:469,0
DA:484,0
LF:204
LH:0
BRDA:20,0,0,0
BRDA:20,0,1,0
BRDA:32,1,0,0
BRDA:32,1,1,0
BRDA:43,2,0,0
BRDA:43,2,1,0
BRDA:54,3,0,0
BRDA:54,3,1,0
BRDA:68,4,0,0
BRDA:68,4,1,0
BRDA:75,5,0,0
BRDA:77,6,0,0
BRDA:77,6,1,0
BRDA:78,7,0,0
BRDA:78,7,1,0
BRDA:79,8,0,0
BRDA:79,8,1,0
BRDA:80,9,0,0
BRDA:80,9,1,0
BRDA:90,10,0,0
BRDA:90,10,1,0
BRDA:97,11,0,0
BRDA:97,11,1,0
BRDA:97,12,0,0
BRDA:97,12,1,0
BRDA:97,12,2,0
BRDA:97,12,3,0
BRDA:107,13,0,0
BRDA:107,13,1,0
BRDA:116,14,0,0
BRDA:116,14,1,0
BRDA:123,15,0,0
BRDA:125,16,0,0
BRDA:125,16,1,0
BRDA:126,17,0,0
BRDA:126,17,1,0
BRDA:127,18,0,0
BRDA:127,18,1,0
BRDA:128,19,0,0
BRDA:128,19,1,0
BRDA:129,20,0,0
BRDA:129,20,1,0
BRDA:129,21,0,0
BRDA:129,21,1,0
BRDA:131,22,0,0
BRDA:131,22,1,0
BRDA:132,23,0,0
BRDA:132,23,1,0
BRDA:144,24,0,0
BRDA:144,24,1,0
BRDA:151,25,0,0
BRDA:151,25,1,0
BRDA:151,26,0,0
BRDA:151,26,1,0
BRDA:152,27,0,0
BRDA:152,27,1,0
BRDA:153,28,0,0
BRDA:153,28,1,0
BRDA:160,29,0,0
BRDA:160,29,1,0
BRDA:171,30,0,0
BRDA:171,30,1,0
BRDA:178,31,0,0
BRDA:180,32,0,0
BRDA:180,32,1,0
BRDA:181,33,0,0
BRDA:181,33,1,0
BRDA:182,34,0,0
BRDA:182,34,1,0
BRDA:183,35,0,0
BRDA:183,35,1,0
BRDA:184,36,0,0
BRDA:184,36,1,0
BRDA:194,37,0,0
BRDA:194,37,1,0
BRDA:202,38,0,0
BRDA:202,38,1,0
BRDA:208,39,0,0
BRDA:208,39,1,0
BRDA:220,40,0,0
BRDA:220,40,1,0
BRDA:228,41,0,0
BRDA:228,41,1,0
BRDA:234,42,0,0
BRDA:234,42,1,0
BRDA:246,43,0,0
BRDA:246,43,1,0
BRDA:260,44,0,0
BRDA:260,44,1,0
BRDA:271,45,0,0
BRDA:271,45,1,0
BRDA:279,46,0,0
BRDA:279,46,1,0
BRDA:291,47,0,0
BRDA:291,47,1,0
BRDA:299,48,0,0
BRDA:299,48,1,0
BRDA:311,49,0,0
BRDA:311,49,1,0
BRDA:325,50,0,0
BRDA:325,50,1,0
BRDA:336,51,0,0
BRDA:336,51,1,0
BRDA:344,52,0,0
BRDA:344,52,1,0
BRDA:356,53,0,0
BRDA:356,53,1,0
BRDA:364,54,0,0
BRDA:364,54,1,0
BRDA:376,55,0,0
BRDA:376,55,1,0
BRDA:392,56,0,0
BRDA:392,56,1,0
BRDA:404,57,0,0
BRDA:404,57,1,0
BRDA:410,58,0,0
BRDA:418,59,0,0
BRDA:418,59,1,0
BRDA:426,60,0,0
BRDA:426,60,1,0
BRDA:427,61,0,0
BRDA:427,61,1,0
BRDA:428,62,0,0
BRDA:428,62,1,0
BRDA:429,63,0,0
BRDA:429,63,1,0
BRDA:437,64,0,0
BRDA:437,64,1,0
BRDA:449,65,0,0
BRDA:449,65,1,0
BRDA:486,66,0,0
BRDA:486,66,1,0
BRF:132
BRH:0
end_of_record
TN:
SF:src/routes/testCases.ts
FN:18,(anonymous_0)
FN:36,(anonymous_1)
FN:50,(anonymous_2)
FN:76,(anonymous_3)
FN:115,(anonymous_4)
FN:154,(anonymous_5)
FNF:6
FNH:0
FNDA:0,(anonymous_0)
FNDA:0,(anonymous_1)
FNDA:0,(anonymous_2)
FNDA:0,(anonymous_3)
FNDA:0,(anonymous_4)
FNDA:0,(anonymous_5)
DA:4,0
DA:6,0
DA:18,0
DA:19,0
DA:20,0
DA:22,0
DA:23,0
DA:24,0
DA:29,0
DA:34,0
DA:36,0
DA:43,0
DA:50,0
DA:51,0
DA:52,0
DA:53,0
DA:54,0
DA:55,0
DA:60,0
DA:69,0
DA:76,0
DA:77,0
DA:78,0
DA:79,0
DA:80,0
DA:85,0
DA:87,0
DA:88,0
DA:89,0
DA:94,0
DA:98,0
DA:99,0
DA:108,0
DA:115,0
DA:116,0
DA:117,0
DA:118,0
DA:119,0
DA:120,0
DA:125,0
DA:126,0
DA:131,0
DA:132,0
DA:137,0
DA:138,0
DA:147,0
DA:154,0
DA:155,0
DA:156,0
DA:157,0
DA:158,0
DA:159,0
DA:164,0
DA:169,0
LF:54
LH:0
BRDA:23,0,0,0
BRDA:23,0,1,0
BRDA:39,1,0,0
BRDA:39,1,1,0
BRDA:45,2,0,0
BRDA:45,2,1,0
BRDA:54,3,0,0
BRDA:54,3,1,0
BRDA:65,4,0,0
BRDA:65,4,1,0
BRDA:71,5,0,0
BRDA:71,5,1,0
BRDA:79,6,0,0
BRDA:79,6,1,0
BRDA:88,7,0,0
BRDA:88,7,1,0
BRDA:97,8,0,0
BRDA:97,8,1,0
BRDA:97,9,0,0
BRDA:97,9,1,0
BRDA:104,10,0,0
BRDA:104,10,1,0
BRDA:110,11,0,0
BRDA:110,11,1,0
BRDA:119,12,0,0
BRDA:119,12,1,0
BRDA:130,13,0,0
BRDA:130,13,1,0
BRDA:130,14,0,0
BRDA:130,14,1,0
BRDA:131,15,0,0
BRDA:131,15,1,0
BRDA:143,16,0,0
BRDA:143,16,1,0
BRDA:149,17,0,0
BRDA:149,17,1,0
BRDA:158,18,0,0
BRDA:158,18,1,0
BRDA:171,19,0,0
BRDA:171,19,1,0
BRF:40
BRH:0
end_of_record
TN:
SF:src/routes/testExecution.ts
FN:9,(anonymous_0)
FN:47,(anonymous_1)
FN:102,(anonymous_2)
FN:152,(anonymous_3)
FN:214,(anonymous_4)
FN:242,(anonymous_5)
FN:270,(anonymous_6)
FN:294,(anonymous_7)
FN:331,(anonymous_8)
FN:359,(anonymous_9)
FN:396,(anonymous_10)
FN:421,(anonymous_11)
FN:445,(anonymous_12)
FN:463,(anonymous_13)
FNF:14
FNH:0
FNDA:0,(anonymous_0)
FNDA:0,(anonymous_1)
FNDA:0,(anonymous_2)
FNDA:0,(anonymous_3)
FNDA:0,(anonymous_4)
FNDA:0,(anonymous_5)
FNDA:0,(anonymous_6)
FNDA:0,(anonymous_7)
FNDA:0,(anonymous_8)
FNDA:0,(anonymous_9)
FNDA:0,(anonymous_10)
FNDA:0,(anonymous_11)
FNDA:0,(anonymous_12)
FNDA:0,(anonymous_13)
DA:5,0
DA:9,0
DA:10,0
DA:11,0
DA:12,0
DA:13,0
DA:14,0
DA:15,0
DA:17,0
DA:26,0
DA:27,0
DA:33,0
DA:34,0
DA:36,0
DA:38,0
DA:39,0
DA:41,0
DA:47,0
DA:48,0
DA:50,0
DA:60,0
DA:70,0
DA:76,0
DA:77,0
DA:78,0
DA:90,0
DA:92,0
DA:102,0
DA:103,0
DA:104,0
DA:105,0
DA:106,0
DA:107,0
DA:109,0
DA:112,0
DA:113,0
DA:119,0
DA:122,0
DA:123,0
DA:128,0
DA:129,0
DA:131,0
DA:132,0
DA:133,0
DA:134,0
DA:135,0
DA:137,0
DA:138,0
DA:140,0
DA:142,0
DA:143,0
DA:144,0
DA:146,0
DA:152,0
DA:154,0
DA:164,0
DA:174,0
DA:176,0
DA:177,0
DA:181,0
DA:182,0
DA:183,0
DA:194,0
DA:196,0
DA:206,0
DA:208,0
DA:209,0
DA:213,0
DA:214,0
DA:215,0
DA:216,0
DA:217,0
DA:227,0
DA:232,0
DA:242,0
DA:243,0
DA:244,0
DA:245,0
DA:246,0
DA:247,0
DA:249,0
DA:250,0
DA:251,0
DA:257,0
DA:261,0
DA:267,0
DA:268,0
DA:270,0
DA:285,0
DA:294,0
DA:295,0
DA:296,0
DA:297,0
DA:307,0
DA:308,0
DA:313,0
DA:322,0
DA:331,0
DA:332,0
DA:342,0
DA:344,0
DA:345,0
DA:351,0
DA:352,0
DA:353,0
DA:359,0
DA:360,0
DA:363,0
DA:364,0
DA:370,0
DA:371,0
DA:378,0
DA:387,0
DA:396,0
DA:397,0
DA:398,0
DA:399,0
DA:400,0
DA:401,0
DA:402,0
DA:407,0
DA:412,0
DA:421,0
DA:422,0
DA:423,0
DA:424,0
DA:425,0
DA:426,0
DA:427,0
DA:436,0
DA:445,0
DA:446,0
DA:447,0
DA:448,0
DA:449,0
DA:454,0
DA:463,0
DA:464,0
DA:465,0
DA:466,0
DA:467,0
DA:472,0
LF:142
LH:0
BRDA:26,0,0,0
BRDA:26,0,1,0
BRDA:34,1,0,0
BRDA:34,1,1,0
BRDA:44,2,0,0
BRDA:44,2,1,0
BRDA:59,3,0,0
BRDA:59,3,1,0
BRDA:77,4,0,0
BRDA:77,4,1,0
BRDA:87,5,0,0
BRDA:87,5,1,0
BRDA:94,6,0,0
BRDA:94,6,1,0
BRDA:107,7,0,0
BRDA:112,8,0,0
BRDA:112,8,1,0
BRDA:122,9,0,0
BRDA:122,9,1,0
BRDA:132,10,0,0
BRDA:132,10,1,0
BRDA:138,11,0,0
BRDA:138,11,1,0
BRDA:149,12,0,0
BRDA:149,12,1,0
BRDA:163,13,0,0
BRDA:163,13,1,0
BRDA:176,14,0,0
BRDA:176,14,1,0
BRDA:176,15,0,0
BRDA:176,15,1,0
BRDA:192,16,0,0
BRDA:192,16,1,0
BRDA:200,17,0,0
BRDA:200,17,1,0
BRDA:203,18,0,0
BRDA:203,18,1,0
BRDA:208,19,0,0
BRDA:208,19,1,0
BRDA:234,20,0,0
BRDA:234,20,1,0
BRDA:245,21,0,0
BRDA:245,21,1,0
BRDA:246,22,0,0
BRDA:246,22,1,0
BRDA:250,23,0,0
BRDA:250,23,1,0
BRDA:272,24,0,0
BRDA:272,24,1,0
BRDA:287,25,0,0
BRDA:287,25,1,0
BRDA:307,26,0,0
BRDA:307,26,1,0
BRDA:317,27,0,0
BRDA:317,27,1,0
BRDA:324,28,0,0
BRDA:324,28,1,0
BRDA:333,29,0,0
BRDA:342,30,0,0
BRDA:344,31,0,0
BRDA:344,31,1,0
BRDA:344,32,0,0
BRDA:344,32,1,0
BRDA:344,32,2,0
BRDA:344,32,3,0
BRDA:352,33,0,0
BRDA:352,33,1,0
BRDA:363,34,0,0
BRDA:363,34,1,0
BRDA:374,35,0,0
BRDA:374,35,1,0
BRDA:389,36,0,0
BRDA:389,36,1,0
BRDA:401,37,0,0
BRDA:401,37,1,0
BRDA:414,38,0,0
BRDA:414,38,1,0
BRDA:424,39,0,0
BRDA:438,40,0,0
BRDA:438,40,1,0
BRDA:456,41,0,0
BRDA:456,41,1,0
BRDA:474,42,0,0
BRDA:474,42,1,0
BRF:84
BRH:0
end_of_record
TN:
SF:src/routes/training.ts
FN:152,(anonymous_0)
FN:175,(anonymous_1)
FN:194,(anonymous_2)
FN:219,(anonymous_3)
FN:245,(anonymous_4)
FN:264,(anonymous_5)
FN:286,(anonymous_6)
FN:306,(anonymous_7)
FN:330,(anonymous_8)
FN:349,(anonymous_9)
FN:367,(anonymous_10)
FN:392,(anonymous_11)
FN:410,(anonymous_12)
FN:435,(anonymous_13)
FN:458,(anonymous_14)
FN:481,(anonymous_15)
FN:500,(anonymous_16)
FN:520,(anonymous_17)
FN:538,(anonymous_18)
FNF:19
FNH:0
FNDA:0,(anonymous_0)
FNDA:0,(anonymous_1)
FNDA:0,(anonymous_2)
FNDA:0,(anonymous_3)
FNDA:0,(anonymous_4)
FNDA:0,(anonymous_5)
FNDA:0,(anonymous_6)
FNDA:0,(anonymous_7)
FNDA:0,(anonymous_8)
FNDA:0,(anonymous_9)
FNDA:0,(anonymous_10)
FNDA:0,(anonymous_11)
FNDA:0,(anonymous_12)
FNDA:0,(anonymous_13)
FNDA:0,(anonymous_14)
FNDA:0,(anonymous_15)
FNDA:0,(anonymous_16)
FNDA:0,(anonymous_17)
FNDA:0,(anonymous_18)
DA:6,0
DA:8,0
DA:75,0
DA:86,0
DA:129,0
DA:152,0
DA:153,0
DA:154,0
DA:155,0
DA:165,0
DA:166,0
DA:175,0
DA:176,0
DA:177,0
DA:178,0
DA:179,0
DA:184,0
DA:185,0
DA:194,0
DA:195,0
DA:196,0
DA:197,0
DA:198,0
DA:199,0
DA:204,0
DA:209,0
DA:210,0
DA:219,0
DA:220,0
DA:221,0
DA:222,0
DA:223,0
DA:224,0
DA:225,0
DA:226,0
DA:227,0
DA:235,0
DA:236,0
DA:245,0
DA:246,0
DA:247,0
DA:248,0
DA:249,0
DA:254,0
DA:255,0
DA:264,0
DA:265,0
DA:266,0
DA:267,0
DA:276,0
DA:277,0
DA:286,0
DA:287,0
DA:288,0
DA:289,0
DA:290,0
DA:291,0
DA:296,0
DA:297,0
DA:306,0
DA:307,0
DA:308,0
DA:309,0
DA:310,0
DA:315,0
DA:320,0
DA:321,0
DA:330,0
DA:331,0
DA:332,0
DA:333,0
DA:338,0
DA:339,0
DA:349,0
DA:350,0
DA:351,0
DA:352,0
DA:357,0
DA:358,0
DA:367,0
DA:368,0
DA:369,0
DA:370,0
DA:371,0
DA:372,0
DA:377,0
DA:382,0
DA:383,0
DA:392,0
DA:393,0
DA:394,0
DA:395,0
DA:400,0
DA:401,0
DA:410,0
DA:411,0
DA:412,0
DA:413,0
DA:414,0
DA:419,0
DA:420,0
DA:425,0
DA:426,0
DA:435,0
DA:436,0
DA:437,0
DA:438,0
DA:442,0
DA:443,0
DA:448,0
DA:449,0
DA:458,0
DA:459,0
DA:460,0
DA:461,0
DA:462,0
DA:471,0
DA:472,0
DA:481,0
DA:482,0
DA:483,0
DA:484,0
DA:485,0
DA:490,0
DA:491,0
DA:500,0
DA:501,0
DA:502,0
DA:503,0
DA:504,0
DA:505,0
DA:510,0
DA:511,0
DA:520,0
DA:521,0
DA:522,0
DA:523,0
DA:528,0
DA:529,0
DA:538,0
DA:539,0
DA:540,0
DA:557,0
DA:562,0
DA:563,0
LF:145
LH:0
BRDA:168,0,0,0
BRDA:168,0,1,0
BRDA:187,1,0,0
BRDA:187,1,1,0
BRDA:198,2,0,0
BRDA:198,2,1,0
BRDA:212,3,0,0
BRDA:212,3,1,0
BRDA:222,4,0,0
BRDA:222,4,1,0
BRDA:223,5,0,0
BRDA:223,5,1,0
BRDA:224,6,0,0
BRDA:224,6,1,0
BRDA:225,7,0,0
BRDA:225,7,1,0
BRDA:238,8,0,0
BRDA:238,8,1,0
BRDA:257,9,0,0
BRDA:257,9,1,0
BRDA:279,10,0,0
BRDA:279,10,1,0
BRDA:289,11,0,0
BRDA:289,12,0,0
BRDA:299,13,0,0
BRDA:299,13,1,0
BRDA:309,14,0,0
BRDA:309,15,0,0
BRDA:309,16,0,0
BRDA:309,17,0,0
BRDA:323,18,0,0
BRDA:323,18,1,0
BRDA:341,19,0,0
BRDA:341,19,1,0
BRDA:360,20,0,0
BRDA:360,20,1,0
BRDA:371,21,0,0
BRDA:371,21,1,0
BRDA:385,22,0,0
BRDA:385,22,1,0
BRDA:403,23,0,0
BRDA:403,23,1,0
BRDA:413,24,0,0
BRDA:413,24,1,0
BRDA:413,25,0,0
BRDA:413,25,1,0
BRDA:428,26,0,0
BRDA:428,26,1,0
BRDA:438,27,0,0
BRDA:438,27,1,0
BRDA:438,28,0,0
BRDA:438,28,1,0
BRDA:451,29,0,0
BRDA:451,29,1,0
BRDA:474,30,0,0
BRDA:474,30,1,0
BRDA:493,31,0,0
BRDA:493,31,1,0
BRDA:513,32,0,0
BRDA:513,32,1,0
BRDA:531,33,0,0
BRDA:531,33,1,0
BRDA:565,34,0,0
BRDA:565,34,1,0
BRF:64
BRH:0
end_of_record
TN:
SF:src/routes/yaml.ts
FN:6,(anonymous_0)
FN:33,(anonymous_1)
FN:44,(anonymous_2)
FN:52,(anonymous_3)
FN:73,(anonymous_4)
FN:96,(anonymous_5)
FN:108,(anonymous_6)
FN:145,(anonymous_7)
FN:167,(anonymous_8)
FN:198,(anonymous_9)
FNF:10
FNH:0
FNDA:0,(anonymous_0)
FNDA:0,(anonymous_1)
FNDA:0,(anonymous_2)
FNDA:0,(anonymous_3)
FNDA:0,(anonymous_4)
FNDA:0,(anonymous_5)
FNDA:0,(anonymous_6)
FNDA:0,(anonymous_7)
FNDA:0,(anonymous_8)
FNDA:0,(anonymous_9)
DA:4,0
DA:6,0
DA:7,0
DA:8,0
DA:10,0
DA:12,0
DA:15,0
DA:16,0
DA:21,0
DA:24,0
DA:32,0
DA:33,0
DA:34,0
DA:37,0
DA:44,0
DA:45,0
DA:52,0
DA:58,0
DA:61,0
DA:62,0
DA:63,0
DA:64,0
DA:66,0
DA:73,0
DA:74,0
DA:75,0
DA:76,0
DA:77,0
DA:83,0
DA:84,0
DA:85,0
DA:91,0
DA:94,0
DA:96,0
DA:97,0
DA:99,0
DA:100,0
DA:102,0
DA:103,0
DA:106,0
DA:107,0
DA:108,0
DA:110,0
DA:116,0
DA:120,0
DA:122,0
DA:123,0
DA:124,0
DA:130,0
DA:136,0
DA:139,0
DA:142,0
DA:145,0
DA:153,0
DA:154,0
DA:160,0
DA:167,0
DA:168,0
DA:169,0
DA:170,0
DA:171,0
DA:177,0
DA:178,0
DA:179,0
DA:185,0
DA:188,0
DA:189,0
DA:190,0
DA:191,0
DA:192,0
DA:193,0
DA:195,0
DA:196,0
DA:198,0
DA:199,0
DA:200,0
DA:205,0
DA:206,0
DA:212,0
DA:218,0
LF:80
LH:0
BRDA:10,0,0,0
BRDA:10,0,1,0
BRDA:15,1,0,0
BRDA:15,1,1,0
BRDA:54,2,0,0
BRDA:54,2,1,0
BRDA:56,3,0,0
BRDA:56,3,1,0
BRDA:61,4,0,0
BRDA:61,4,1,0
BRDA:68,5,0,0
BRDA:68,5,1,0
BRDA:76,6,0,0
BRDA:76,6,1,0
BRDA:84,7,0,0
BRDA:84,7,1,0
BRDA:91,8,0,0
BRDA:91,8,1,0
BRDA:99,9,0,0
BRDA:99,9,1,0
BRDA:99,10,0,0
BRDA:99,10,1,0
BRDA:99,10,2,0
BRDA:102,11,0,0
BRDA:102,11,1,0
BRDA:102,12,0,0
BRDA:102,12,1,0
BRDA:107,13,0,0
BRDA:107,13,1,0
BRDA:111,14,0,0
BRDA:111,14,1,0
BRDA:119,15,0,0
BRDA:119,15,1,0
BRDA:127,16,0,0
BRDA:127,16,1,0
BRDA:128,17,0,0
BRDA:128,17,1,0
BRDA:133,18,0,0
BRDA:133,18,1,0
BRDA:133,19,0,0
BRDA:133,19,1,0
BRDA:144,20,0,0
BRDA:144,20,1,0
BRDA:148,21,0,0
BRDA:148,21,1,0
BRDA:162,22,0,0
BRDA:162,22,1,0
BRDA:170,23,0,0
BRDA:170,23,1,0
BRDA:178,24,0,0
BRDA:178,24,1,0
BRDA:185,25,0,0
BRDA:185,25,1,0
BRDA:191,26,0,0
BRDA:191,26,1,0
BRDA:192,27,0,0
BRDA:192,27,1,0
BRDA:192,28,0,0
BRDA:192,28,1,0
BRDA:192,28,2,0
BRDA:195,29,0,0
BRDA:195,29,1,0
BRDA:195,30,0,0
BRDA:195,30,1,0
BRDA:199,31,0,0
BRDA:199,31,1,0
BRDA:199,32,0,0
BRDA:199,32,1,0
BRDA:205,33,0,0
BRDA:205,33,1,0
BRDA:220,34,0,0
BRDA:220,34,1,0
BRF:72
BRH:0
end_of_record
TN:
SF:src/routes/reports/index.ts
FN:5,(anonymous_0)
FN:24,(anonymous_1)
FN:51,(anonymous_2)
FN:73,(anonymous_3)
FN:97,(anonymous_4)
FN:114,(anonymous_5)
FN:144,(anonymous_6)
FN:168,(anonymous_7)
FN:192,(anonymous_8)
FN:208,(anonymous_9)
FN:224,(anonymous_10)
FN:240,(anonymous_11)
FN:264,(anonymous_12)
FN:291,(anonymous_13)
FN:312,getContentType
FNF:15
FNH:0
FNDA:0,(anonymous_0)
FNDA:0,(anonymous_1)
FNDA:0,(anonymous_2)
FNDA:0,(anonymous_3)
FNDA:0,(anonymous_4)
FNDA:0,(anonymous_5)
FNDA:0,(anonymous_6)
FNDA:0,(anonymous_7)
FNDA:0,(anonymous_8)
FNDA:0,(anonymous_9)
FNDA:0,(anonymous_10)
FNDA:0,(anonymous_11)
FNDA:0,(anonymous_12)
FNDA:0,(anonymous_13)
FNDA:0,getContentType
DA:3,0
DA:5,0
DA:6,0
DA:7,0
DA:8,0
DA:9,0
DA:10,0
DA:11,0
DA:16,0
DA:17,0
DA:24,0
DA:25,0
DA:26,0
DA:27,0
DA:34,0
DA:36,0
DA:37,0
DA:38,0
DA:39,0
DA:40,0
DA:41,0
DA:43,0
DA:44,0
DA:51,0
DA:52,0
DA:53,0
DA:55,0
DA:56,0
DA:58,0
DA:60,0
DA:65,0
DA:66,0
DA:73,0
DA:74,0
DA:75,0
DA:76,0
DA:77,0
DA:78,0
DA:82,0
DA:84,0
DA:89,0
DA:90,0
DA:97,0
DA:98,0
DA:99,0
DA:100,0
DA:101,0
DA:106,0
DA:107,0
DA:114,0
DA:115,0
DA:116,0
DA:117,0
DA:118,0
DA:124,0
DA:125,0
DA:136,0
DA:137,0
DA:144,0
DA:145,0
DA:146,0
DA:147,0
DA:148,0
DA:149,0
DA:153,0
DA:155,0
DA:160,0
DA:161,0
DA:168,0
DA:169,0
DA:170,0
DA:171,0
DA:172,0
DA:173,0
DA:177,0
DA:179,0
DA:184,0
DA:185,0
DA:192,0
DA:193,0
DA:194,0
DA:195,0
DA:196,0
DA:201,0
DA:202,0
DA:208,0
DA:209,0
DA:210,0
DA:211,0
DA:216,0
DA:217,0
DA:224,0
DA:225,0
DA:226,0
DA:227,0
DA:232,0
DA:233,0
DA:240,0
DA:241,0
DA:242,0
DA:245,0
DA:256,0
DA:257,0
DA:264,0
DA:265,0
DA:266,0
DA:268,0
DA:278,0
DA:283,0
DA:284,0
DA:291,0
DA:292,0
DA:293,0
DA:304,0
DA:305,0
DA:313,0
DA:315,0
DA:317,0
DA:319,0
DA:321,0
DA:323,0
LF:121
LH:0
BRDA:8,0,0,0
BRDA:8,0,1,0
BRDA:9,1,0,0
BRDA:9,1,1,0
BRDA:19,2,0,0
BRDA:19,2,1,0
BRDA:46,3,0,0
BRDA:46,3,1,0
BRDA:55,4,0,0
BRDA:55,4,1,0
BRDA:68,5,0,0
BRDA:68,5,1,0
BRDA:77,6,0,0
BRDA:77,6,1,0
BRDA:92,7,0,0
BRDA:92,7,1,0
BRDA:109,8,0,0
BRDA:109,8,1,0
BRDA:116,9,0,0
BRDA:116,9,1,0
BRDA:117,10,0,0
BRDA:117,10,1,0
BRDA:139,11,0,0
BRDA:139,11,1,0
BRDA:148,12,0,0
BRDA:148,12,1,0
BRDA:163,13,0,0
BRDA:163,13,1,0
BRDA:172,14,0,0
BRDA:172,14,1,0
BRDA:187,15,0,0
BRDA:187,15,1,0
BRDA:204,16,0,0
BRDA:204,16,1,0
BRDA:219,17,0,0
BRDA:219,17,1,0
BRDA:235,18,0,0
BRDA:235,18,1,0
BRDA:259,19,0,0
BRDA:259,19,1,0
BRDA:286,20,0,0
BRDA:286,20,1,0
BRDA:307,21,0,0
BRDA:307,21,1,0
BRDA:313,22,0,0
BRDA:313,22,1,0
BRDA:313,22,2,0
BRDA:313,22,3,0
BRDA:313,22,4,0
BRF:49
BRH:0
end_of_record
TN:
SF:src/services/CostTracker.ts
FN:1,_define_property
FN:21,(anonymous_1)
FN:90,(anonymous_2)
FN:142,(anonymous_3)
FN:170,(anonymous_4)
FN:182,(anonymous_5)
FN:246,(anonymous_6)
FN:250,(anonymous_7)
FN:310,(anonymous_8)
FN:329,(anonymous_9)
FN:362,(anonymous_10)
FN:392,(anonymous_11)
FN:419,(anonymous_12)
FN:420,(anonymous_13)
FN:424,(anonymous_14)
FN:425,(anonymous_15)
FN:449,(anonymous_16)
FN:465,(anonymous_17)
FN:472,(anonymous_18)
FN:478,(anonymous_19)
FN:492,(anonymous_20)
FN:503,(anonymous_21)
FN:549,(anonymous_22)
FN:556,(anonymous_23)
FN:570,(anonymous_24)
FN:573,(anonymous_25)
FNF:26
FNH:0
FNDA:0,_define_property
FNDA:0,(anonymous_1)
FNDA:0,(anonymous_2)
FNDA:0,(anonymous_3)
FNDA:0,(anonymous_4)
FNDA:0,(anonymous_5)
FNDA:0,(anonymous_6)
FNDA:0,(anonymous_7)
FNDA:0,(anonymous_8)
FNDA:0,(anonymous_9)
FNDA:0,(anonymous_10)
FNDA:0,(anonymous_11)
FNDA:0,(anonymous_12)
FNDA:0,(anonymous_13)
FNDA:0,(anonymous_14)
FNDA:0,(anonymous_15)
FNDA:0,(anonymous_16)
FNDA:0,(anonymous_17)
FNDA:0,(anonymous_18)
FNDA:0,(anonymous_19)
FNDA:0,(anonymous_20)
FNDA:0,(anonymous_21)
FNDA:0,(anonymous_22)
FNDA:0,(anonymous_23)
FNDA:0,(anonymous_24)
FNDA:0,(anonymous_25)
DA:2,0
DA:3,0
DA:10,0
DA:12,0
DA:22,0
DA:24,0
DA:42,0
DA:52,0
DA:66,0
DA:80,0
DA:86,0
DA:91,0
DA:129,0
DA:134,0
DA:135,0
DA:136,0
DA:138,0
DA:143,0
DA:144,0
DA:145,0
DA:150,0
DA:151,0
DA:165,0
DA:166,0
DA:171,0
DA:172,0
DA:173,0
DA:174,0
DA:176,0
DA:177,0
DA:178,0
DA:183,0
DA:194,0
DA:195,0
DA:196,0
DA:197,0
DA:199,0
DA:200,0
DA:201,0
DA:203,0
DA:204,0
DA:205,0
DA:207,0
DA:208,0
DA:209,0
DA:210,0
DA:211,0
DA:212,0
DA:213,0
DA:214,0
DA:215,0
DA:216,0
DA:217,0
DA:218,0
DA:219,0
DA:220,0
DA:221,0
DA:222,0
DA:223,0
DA:224,0
DA:225,0
DA:226,0
DA:227,0
DA:228,0
DA:229,0
DA:231,0
DA:247,0
DA:248,0
DA:250,0
DA:251,0
DA:252,0
DA:253,0
DA:254,0
DA:255,0
DA:256,0
DA:257,0
DA:275,0
DA:276,0
DA:291,0
DA:292,0
DA:306,0
DA:311,0
DA:315,0
DA:316,0
DA:330,0
DA:333,0
DA:334,0
DA:335,0
DA:336,0
DA:337,0
DA:338,0
DA:339,0
DA:340,0
DA:341,0
DA:344,0
DA:349,0
DA:350,0
DA:358,0
DA:364,0
DA:365,0
DA:367,0
DA:368,0
DA:370,0
DA:371,0
DA:372,0
DA:373,0
DA:375,0
DA:376,0
DA:378,0
DA:379,0
DA:381,0
DA:383,0
DA:388,0
DA:393,0
DA:394,0
DA:395,0
DA:396,0
DA:407,0
DA:408,0
DA:419,0
DA:420,0
DA:422,0
DA:423,0
DA:424,0
DA:425,0
DA:426,0
DA:427,0
DA:428,0
DA:429,0
DA:430,0
DA:432,0
DA:433,0
DA:434,0
DA:450,0
DA:452,0
DA:463,0
DA:465,0
DA:472,0
DA:478,0
DA:479,0
DA:492,0
DA:504,0
DA:506,0
DA:515,0
DA:516,0
DA:517,0
DA:518,0
DA:520,0
DA:521,0
DA:522,0
DA:524,0
DA:525,0
DA:526,0
DA:528,0
DA:529,0
DA:530,0
DA:531,0
DA:532,0
DA:533,0
DA:534,0
DA:535,0
DA:536,0
DA:550,0
DA:557,0
DA:561,0
DA:571,0
DA:574,0
DA:575,0
DA:576,0
DA:588,0
DA:589,0
DA:592,0
LF:172
LH:0
BRDA:2,0,0,0
BRDA:2,0,1,0
BRDA:172,1,0,0
BRDA:172,1,1,0
BRDA:195,2,0,0
BRDA:195,2,1,0
BRDA:199,3,0,0
BRDA:199,3,1,0
BRDA:203,4,0,0
BRDA:203,4,1,0
BRDA:237,5,0,0
BRDA:237,5,1,0
BRDA:238,6,0,0
BRDA:238,6,1,0
BRDA:251,7,0,0
BRDA:251,7,1,0
BRDA:256,8,0,0
BRDA:256,8,1,0
BRDA:275,9,0,0
BRDA:275,9,1,0
BRDA:291,10,0,0
BRDA:291,10,1,0
BRDA:338,11,0,0
BRDA:338,11,1,0
BRDA:340,12,0,0
BRDA:340,12,1,0
BRDA:349,13,0,0
BRDA:349,13,1,0
BRDA:365,14,0,0
BRDA:365,14,1,0
BRDA:365,14,2,0
BRDA:365,14,3,0
BRDA:365,14,4,0
BRDA:388,15,0,0
BRDA:388,15,1,0
BRDA:393,16,0,0
BRDA:393,16,1,0
BRDA:393,17,0,0
BRDA:393,17,1,0
BRDA:407,18,0,0
BRDA:407,18,1,0
BRDA:427,19,0,0
BRDA:427,19,1,0
BRDA:429,20,0,0
BRDA:429,20,1,0
BRDA:432,21,0,0
BRDA:432,21,1,0
BRDA:432,22,0,0
BRDA:432,22,1,0
BRDA:465,23,0,0
BRDA:465,23,1,0
BRDA:465,24,0,0
BRDA:465,24,1,0
BRDA:475,25,0,0
BRDA:475,25,1,0
BRDA:476,26,0,0
BRDA:476,26,1,0
BRDA:516,27,0,0
BRDA:516,27,1,0
BRDA:520,28,0,0
BRDA:520,28,1,0
BRDA:524,29,0,0
BRDA:524,29,1,0
BRDA:529,30,0,0
BRDA:529,30,1,0
BRDA:530,31,0,0
BRDA:530,31,1,0
BRDA:531,32,0,0
BRDA:531,32,1,0
BRDA:532,33,0,0
BRDA:532,33,1,0
BRDA:533,34,0,0
BRDA:533,34,1,0
BRDA:534,35,0,0
BRDA:534,35,1,0
BRDA:566,36,0,0
BRDA:566,36,1,0
BRDA:566,37,0,0
BRDA:566,37,1,0
BRDA:566,38,0,0
BRDA:566,38,1,0
BRDA:566,39,0,0
BRDA:566,39,1,0
BRDA:566,40,0,0
BRDA:566,40,1,0
BRDA:566,41,0,0
BRDA:566,41,1,0
BRDA:566,42,0,0
BRDA:566,42,1,0
BRF:89
BRH:0
end_of_record
TN:
SF:src/services/index.ts
FNF:0
FNH:0
LF:0
LH:0
BRF:0
BRH:0
end_of_record
TN:
SF:src/services/llmService.ts
FN:1,_define_property
FN:19,(anonymous_1)
FN:46,(anonymous_2)
FN:58,(anonymous_3)
FN:63,(anonymous_4)
FN:70,(anonymous_5)
FN:73,(anonymous_6)
FN:81,(anonymous_7)
FN:93,(anonymous_8)
FN:110,(anonymous_9)
FN:111,(anonymous_10)
FN:138,(anonymous_11)
FN:173,(anonymous_12)
FN:178,(anonymous_13)
FN:181,(anonymous_14)
FNF:15
FNH:0
FNDA:0,_define_property
FNDA:0,(anonymous_1)
FNDA:0,(anonymous_2)
FNDA:0,(anonymous_3)
FNDA:0,(anonymous_4)
FNDA:0,(anonymous_5)
FNDA:0,(anonymous_6)
FNDA:0,(anonymous_7)
FNDA:0,(anonymous_8)
FNDA:0,(anonymous_9)
FNDA:0,(anonymous_10)
FNDA:0,(anonymous_11)
FNDA:0,(anonymous_12)
FNDA:0,(anonymous_13)
FNDA:0,(anonymous_14)
DA:2,0
DA:3,0
DA:10,0
DA:12,0
DA:20,0
DA:21,0
DA:30,0
DA:36,0
DA:38,0
DA:39,0
DA:41,0
DA:47,0
DA:48,0
DA:51,0
DA:53,0
DA:59,0
DA:60,0
DA:63,0
DA:65,0
DA:71,0
DA:73,0
DA:74,0
DA:75,0
DA:77,0
DA:82,0
DA:83,0
DA:84,0
DA:85,0
DA:87,0
DA:88,0
DA:94,0
DA:95,0
DA:101,0
DA:103,0
DA:105,0
DA:111,0
DA:112,0
DA:113,0
DA:114,0
DA:116,0
DA:117,0
DA:119,0
DA:120,0
DA:122,0
DA:123,0
DA:125,0
DA:126,0
DA:128,0
DA:129,0
DA:130,0
DA:132,0
DA:133,0
DA:136,0
DA:137,0
DA:138,0
DA:139,0
DA:140,0
DA:141,0
DA:142,0
DA:143,0
DA:144,0
DA:145,0
DA:147,0
DA:150,0
DA:152,0
DA:158,0
DA:163,0
DA:174,0
DA:179,0
DA:182,0
DA:183,0
DA:184,0
DA:185,0
DA:188,0
LF:74
LH:0
BRDA:2,0,0,0
BRDA:2,0,1,0
BRDA:22,1,0,0
BRDA:22,1,1,0
BRDA:38,2,0,0
BRDA:38,2,1,0
BRDA:39,3,0,0
BRDA:39,3,1,0
BRDA:41,4,0,0
BRDA:41,4,1,0
BRDA:63,5,0,0
BRDA:63,5,1,0
BRDA:65,6,0,0
BRDA:65,6,1,0
BRDA:96,7,0,0
BRDA:96,7,1,0
BRDA:97,8,0,0
BRDA:97,8,1,0
BRDA:98,9,0,0
BRDA:98,9,1,0
BRDA:99,10,0,0
BRDA:99,10,1,0
BRDA:114,11,0,0
BRDA:114,11,1,0
BRDA:114,11,2,0
BRDA:114,11,3,0
BRDA:114,11,4,0
BRDA:114,11,5,0
BRDA:114,11,6,0
BRDA:132,12,0,0
BRDA:132,12,1,0
BRDA:137,13,0,0
BRDA:137,13,1,0
BRDA:139,14,0,0
BRDA:139,14,1,0
BRDA:140,15,0,0
BRDA:140,15,1,0
BRDA:143,16,0,0
BRDA:143,16,1,0
BRDA:166,17,0,0
BRDA:166,17,1,0
BRDA:184,18,0,0
BRDA:184,18,1,0
BRDA:185,19,0,0
BRDA:185,19,1,0
BRF:45
BRH:0
end_of_record
TN:
SF:src/services/service-dependencies.ts
FN:93,getAllDependencies
FN:96,collectDependencies
FN:114,hasCriticalDependencies
FN:116,(anonymous_3)
FNF:4
FNH:0
FNDA:0,getAllDependencies
FNDA:0,collectDependencies
FNDA:0,hasCriticalDependencies
FNDA:0,(anonymous_3)
DA:6,0
DA:94,0
DA:95,0
DA:97,0
DA:98,0
DA:99,0
DA:100,0
DA:101,0
DA:102,0
DA:103,0
DA:104,0
DA:109,0
DA:110,0
DA:115,0
DA:116,0
LF:15
LH:0
BRDA:97,0,0,0
BRDA:97,0,1,0
BRDA:100,1,0,0
BRDA:100,1,1,0
BRDA:103,2,0,0
BRDA:103,2,1,0
BRF:6
BRH:0
end_of_record
TN:
SF:src/services/analytics/AnalyticsEngine.ts
FN:1,_define_property
FN:19,(anonymous_1)
FN:26,(anonymous_2)
FN:42,(anonymous_3)
FN:61,(anonymous_4)
FN:70,(anonymous_5)
FN:80,(anonymous_6)
FN:110,(anonymous_7)
FN:112,(anonymous_8)
FN:130,(anonymous_9)
FN:164,(anonymous_10)
FN:169,(anonymous_11)
FN:169,(anonymous_12)
FN:189,(anonymous_13)
FN:220,(anonymous_14)
FN:224,(anonymous_15)
FN:226,(anonymous_16)
FN:228,(anonymous_17)
FN:230,(anonymous_18)
FN:247,(anonymous_19)
FN:251,(anonymous_20)
FN:272,(anonymous_21)
FN:293,(anonymous_22)
FN:294,(anonymous_23)
FN:316,(anonymous_24)
FN:330,(anonymous_25)
FN:332,(anonymous_26)
FN:356,(anonymous_27)
FN:379,(anonymous_28)
FN:383,(anonymous_29)
FN:422,(anonymous_30)
FN:437,(anonymous_31)
FN:467,(anonymous_32)
FN:484,(anonymous_33)
FN:488,(anonymous_34)
FN:503,(anonymous_35)
FN:510,(anonymous_36)
FN:517,(anonymous_37)
FNF:38
FNH:0
FNDA:0,_define_property
FNDA:0,(anonymous_1)
FNDA:0,(anonymous_2)
FNDA:0,(anonymous_3)
FNDA:0,(anonymous_4)
FNDA:0,(anonymous_5)
FNDA:0,(anonymous_6)
FNDA:0,(anonymous_7)
FNDA:0,(anonymous_8)
FNDA:0,(anonymous_9)
FNDA:0,(anonymous_10)
FNDA:0,(anonymous_11)
FNDA:0,(anonymous_12)
FNDA:0,(anonymous_13)
FNDA:0,(anonymous_14)
FNDA:0,(anonymous_15)
FNDA:0,(anonymous_16)
FNDA:0,(anonymous_17)
FNDA:0,(anonymous_18)
FNDA:0,(anonymous_19)
FNDA:0,(anonymous_20)
FNDA:0,(anonymous_21)
FNDA:0,(anonymous_22)
FNDA:0,(anonymous_23)
FNDA:0,(anonymous_24)
FNDA:0,(anonymous_25)
FNDA:0,(anonymous_26)
FNDA:0,(anonymous_27)
FNDA:0,(anonymous_28)
FNDA:0,(anonymous_29)
FNDA:0,(anonymous_30)
FNDA:0,(anonymous_31)
FNDA:0,(anonymous_32)
FNDA:0,(anonymous_33)
FNDA:0,(anonymous_34)
FNDA:0,(anonymous_35)
FNDA:0,(anonymous_36)
FNDA:0,(anonymous_37)
DA:2,0
DA:3,0
DA:10,0
DA:12,0
DA:20,0
DA:21,0
DA:23,0
DA:27,0
DA:43,0
DA:62,0
DA:71,0
DA:81,0
DA:82,0
DA:83,0
DA:84,0
DA:86,0
DA:87,0
DA:88,0
DA:90,0
DA:96,0
DA:108,0
DA:109,0
DA:110,0
DA:111,0
DA:112,0
DA:113,0
DA:114,0
DA:122,0
DA:126,0
DA:127,0
DA:128,0
DA:131,0
DA:132,0
DA:133,0
DA:134,0
DA:136,0
DA:138,0
DA:139,0
DA:141,0
DA:144,0
DA:146,0
DA:152,0
DA:153,0
DA:155,0
DA:158,0
DA:160,0
DA:164,0
DA:165,0
DA:166,0
DA:167,0
DA:169,0
DA:173,0
DA:181,0
DA:185,0
DA:186,0
DA:187,0
DA:190,0
DA:191,0
DA:192,0
DA:193,0
DA:195,0
DA:196,0
DA:197,0
DA:198,0
DA:200,0
DA:201,0
DA:203,0
DA:204,0
DA:206,0
DA:207,0
DA:209,0
DA:210,0
DA:213,0
DA:219,0
DA:220,0
DA:224,0
DA:226,0
DA:228,0
DA:230,0
DA:232,0
DA:238,0
DA:239,0
DA:243,0
DA:244,0
DA:245,0
DA:248,0
DA:250,0
DA:251,0
DA:252,0
DA:253,0
DA:271,0
DA:272,0
DA:273,0
DA:274,0
DA:292,0
DA:293,0
DA:294,0
DA:295,0
DA:296,0
DA:314,0
DA:317,0
DA:323,0
DA:331,0
DA:332,0
DA:333,0
DA:335,0
DA:337,0
DA:338,0
DA:340,0
DA:341,0
DA:343,0
DA:344,0
DA:345,0
DA:346,0
DA:348,0
DA:349,0
DA:351,0
DA:352,0
DA:354,0
DA:356,0
DA:357,0
DA:359,0
DA:361,0
DA:362,0
DA:364,0
DA:365,0
DA:367,0
DA:368,0
DA:370,0
DA:371,0
DA:373,0
DA:375,0
DA:379,0
DA:385,0
DA:398,0
DA:402,0
DA:406,0
DA:414,0
DA:424,0
DA:426,0
DA:427,0
DA:429,0
DA:431,0
DA:433,0
DA:438,0
DA:440,0
DA:445,0
DA:451,0
DA:456,0
DA:460,0
DA:462,0
DA:468,0
DA:469,0
DA:471,0
DA:472,0
DA:474,0
DA:475,0
DA:478,0
DA:479,0
DA:485,0
DA:486,0
DA:487,0
DA:488,0
DA:489,0
DA:490,0
DA:491,0
DA:499,0
DA:504,0
DA:505,0
DA:506,0
DA:511,0
DA:518,0
DA:519,0
DA:520,0
DA:521,0
DA:522,0
DA:523,0
DA:524,0
DA:526,0
DA:530,0
DA:531,0
DA:533,0
DA:535,0
DA:538,0
LF:184
LH:0
BRDA:2,0,0,0
BRDA:2,0,1,0
BRDA:20,1,0,0
BRDA:20,1,1,0
BRDA:26,2,0,0
BRDA:42,3,0,0
BRDA:83,4,0,0
BRDA:83,4,1,0
BRDA:108,5,0,0
BRDA:108,5,1,0
BRDA:111,6,0,0
BRDA:111,6,1,0
BRDA:112,7,0,0
BRDA:112,7,1,0
BRDA:133,8,0,0
BRDA:133,8,1,0
BRDA:139,9,0,0
BRDA:139,9,1,0
BRDA:144,10,0,0
BRDA:144,10,1,0
BRDA:153,11,0,0
BRDA:153,11,1,0
BRDA:153,12,0,0
BRDA:153,12,1,0
BRDA:158,13,0,0
BRDA:158,13,1,0
BRDA:166,14,0,0
BRDA:166,14,1,0
BRDA:189,15,0,0
BRDA:189,16,0,0
BRDA:192,17,0,0
BRDA:192,17,1,0
BRDA:198,18,0,0
BRDA:198,18,1,0
BRDA:198,18,2,0
BRDA:198,18,3,0
BRDA:226,19,0,0
BRDA:226,19,1,0
BRDA:230,20,0,0
BRDA:230,20,1,0
BRDA:238,21,0,0
BRDA:238,21,1,0
BRDA:252,22,0,0
BRDA:252,22,1,0
BRDA:273,23,0,0
BRDA:273,23,1,0
BRDA:295,24,0,0
BRDA:295,24,1,0
BRDA:335,25,0,0
BRDA:335,25,1,0
BRDA:335,25,2,0
BRDA:335,25,3,0
BRDA:351,26,0,0
BRDA:351,26,1,0
BRDA:359,27,0,0
BRDA:359,27,1,0
BRDA:359,27,2,0
BRDA:359,27,3,0
BRDA:359,27,4,0
BRDA:468,28,0,0
BRDA:468,28,1,0
BRDA:474,29,0,0
BRDA:474,29,1,0
BRDA:478,30,0,0
BRDA:478,30,1,0
BRDA:487,31,0,0
BRDA:487,31,1,0
BRDA:514,32,0,0
BRDA:514,32,1,0
BRF:69
BRH:0
end_of_record
TN:
SF:src/services/analytics/AnomalyDetector.ts
FN:1,_define_property
FN:23,(anonymous_1)
FN:30,(anonymous_2)
FN:44,(anonymous_3)
FN:58,(anonymous_4)
FN:98,(anonymous_5)
FN:122,(anonymous_6)
FN:143,(anonymous_7)
FN:151,(anonymous_8)
FN:152,(anonymous_9)
FN:153,(anonymous_10)
FN:178,(anonymous_11)
FN:205,(anonymous_12)
FN:212,(anonymous_13)
FN:226,(anonymous_14)
FN:241,(anonymous_15)
FN:242,(anonymous_16)
FN:242,(anonymous_17)
FN:257,(anonymous_18)
FN:259,(anonymous_19)
FN:260,(anonymous_20)
FN:265,(anonymous_21)
FN:268,(anonymous_22)
FN:271,(anonymous_23)
FN:284,(anonymous_24)
FN:294,(anonymous_25)
FN:297,(anonymous_26)
FN:307,(anonymous_27)
FN:330,(anonymous_28)
FN:376,(anonymous_29)
FN:382,(anonymous_30)
FN:399,(anonymous_31)
FN:412,(anonymous_32)
FN:456,(anonymous_33)
FN:463,(anonymous_34)
FN:521,(anonymous_35)
FN:534,(anonymous_36)
FN:544,(anonymous_37)
FN:545,(anonymous_38)
FN:562,(anonymous_39)
FN:576,(anonymous_40)
FN:580,(anonymous_41)
FN:587,(anonymous_42)
FN:593,(anonymous_43)
FN:597,(anonymous_44)
FN:599,(anonymous_45)
FN:602,(anonymous_46)
FN:603,(anonymous_47)
FN:604,(anonymous_48)
FN:607,(anonymous_49)
FN:611,(anonymous_50)
FN:615,(anonymous_51)
FN:622,(anonymous_52)
FN:623,(anonymous_53)
FN:626,(anonymous_54)
FN:634,(anonymous_55)
FN:648,(anonymous_56)
FN:652,(anonymous_57)
FN:661,(anonymous_58)
FN:662,(anonymous_59)
FN:662,(anonymous_60)
FN:662,(anonymous_61)
FN:665,(anonymous_62)
FN:672,(anonymous_63)
FN:675,(anonymous_64)
FN:680,(anonymous_65)
FN:687,(anonymous_66)
FN:689,(anonymous_67)
FNF:68
FNH:0
FNDA:0,_define_property
FNDA:0,(anonymous_1)
FNDA:0,(anonymous_2)
FNDA:0,(anonymous_3)
FNDA:0,(anonymous_4)
FNDA:0,(anonymous_5)
FNDA:0,(anonymous_6)
FNDA:0,(anonymous_7)
FNDA:0,(anonymous_8)
FNDA:0,(anonymous_9)
FNDA:0,(anonymous_10)
FNDA:0,(anonymous_11)
FNDA:0,(anonymous_12)
FNDA:0,(anonymous_13)
FNDA:0,(anonymous_14)
FNDA:0,(anonymous_15)
FNDA:0,(anonymous_16)
FNDA:0,(anonymous_17)
FNDA:0,(anonymous_18)
FNDA:0,(anonymous_19)
FNDA:0,(anonymous_20)
FNDA:0,(anonymous_21)
FNDA:0,(anonymous_22)
FNDA:0,(anonymous_23)
FNDA:0,(anonymous_24)
FNDA:0,(anonymous_25)
FNDA:0,(anonymous_26)
FNDA:0,(anonymous_27)
FNDA:0,(anonymous_28)
FNDA:0,(anonymous_29)
FNDA:0,(anonymous_30)
FNDA:0,(anonymous_31)
FNDA:0,(anonymous_32)
FNDA:0,(anonymous_33)
FNDA:0,(anonymous_34)
FNDA:0,(anonymous_35)
FNDA:0,(anonymous_36)
FNDA:0,(anonymous_37)
FNDA:0,(anonymous_38)
FNDA:0,(anonymous_39)
FNDA:0,(anonymous_40)
FNDA:0,(anonymous_41)
FNDA:0,(anonymous_42)
FNDA:0,(anonymous_43)
FNDA:0,(anonymous_44)
FNDA:0,(anonymous_45)
FNDA:0,(anonymous_46)
FNDA:0,(anonymous_47)
FNDA:0,(anonymous_48)
FNDA:0,(anonymous_49)
FNDA:0,(anonymous_50)
FNDA:0,(anonymous_51)
FNDA:0,(anonymous_52)
FNDA:0,(anonymous_53)
FNDA:0,(anonymous_54)
FNDA:0,(anonymous_55)
FNDA:0,(anonymous_56)
FNDA:0,(anonymous_57)
FNDA:0,(anonymous_58)
FNDA:0,(anonymous_59)
FNDA:0,(anonymous_60)
FNDA:0,(anonymous_61)
FNDA:0,(anonymous_62)
FNDA:0,(anonymous_63)
FNDA:0,(anonymous_64)
FNDA:0,(anonymous_65)
FNDA:0,(anonymous_66)
FNDA:0,(anonymous_67)
DA:2,0
DA:3,0
DA:10,0
DA:12,0
DA:24,0
DA:25,0
DA:26,0
DA:28,0
DA:29,0
DA:30,0
DA:31,0
DA:32,0
DA:34,0
DA:35,0
DA:39,0
DA:40,0
DA:45,0
DA:46,0
DA:48,0
DA:49,0
DA:50,0
DA:51,0
DA:53,0
DA:54,0
DA:59,0
DA:61,0
DA:62,0
DA:63,0
DA:66,0
DA:68,0
DA:69,0
DA:71,0
DA:72,0
DA:73,0
DA:80,0
DA:88,0
DA:99,0
DA:100,0
DA:106,0
DA:107,0
DA:108,0
DA:110,0
DA:111,0
DA:113,0
DA:122,0
DA:132,0
DA:134,0
DA:135,0
DA:136,0
DA:137,0
DA:138,0
DA:139,0
DA:144,0
DA:146,0
DA:147,0
DA:148,0
DA:151,0
DA:152,0
DA:153,0
DA:154,0
DA:156,0
DA:161,0
DA:162,0
DA:172,0
DA:173,0
DA:174,0
DA:179,0
DA:180,0
DA:182,0
DA:183,0
DA:184,0
DA:187,0
DA:188,0
DA:189,0
DA:190,0
DA:192,0
DA:196,0
DA:198,0
DA:199,0
DA:200,0
DA:202,0
DA:204,0
DA:205,0
DA:208,0
DA:213,0
DA:214,0
DA:215,0
DA:217,0
DA:218,0
DA:222,0
DA:227,0
DA:228,0
DA:229,0
DA:231,0
DA:232,0
DA:233,0
DA:237,0
DA:242,0
DA:244,0
DA:250,0
DA:251,0
DA:252,0
DA:258,0
DA:259,0
DA:260,0
DA:261,0
DA:262,0
DA:265,0
DA:266,0
DA:268,0
DA:270,0
DA:271,0
DA:272,0
DA:285,0
DA:289,0
DA:290,0
DA:295,0
DA:297,0
DA:308,0
DA:310,0
DA:311,0
DA:312,0
DA:313,0
DA:315,0
DA:319,0
DA:320,0
DA:321,0
DA:323,0
DA:327,0
DA:331,0
DA:370,0
DA:374,0
DA:377,0
DA:379,0
DA:382,0
DA:389,0
DA:390,0
DA:393,0
DA:394,0
DA:395,0
DA:400,0
DA:402,0
DA:404,0
DA:406,0
DA:408,0
DA:409,0
DA:413,0
DA:414,0
DA:415,0
DA:416,0
DA:417,0
DA:418,0
DA:420,0
DA:421,0
DA:422,0
DA:423,0
DA:425,0
DA:426,0
DA:451,0
DA:454,0
DA:457,0
DA:459,0
DA:460,0
DA:461,0
DA:463,0
DA:464,0
DA:466,0
DA:469,0
DA:470,0
DA:472,0
DA:474,0
DA:475,0
DA:477,0
DA:478,0
DA:479,0
DA:480,0
DA:481,0
DA:482,0
DA:483,0
DA:509,0
DA:514,0
DA:515,0
DA:517,0
DA:519,0
DA:523,0
DA:528,0
DA:529,0
DA:531,0
DA:535,0
DA:536,0
DA:538,0
DA:541,0
DA:542,0
DA:544,0
DA:545,0
DA:546,0
DA:552,0
DA:554,0
DA:562,0
DA:567,0
DA:570,0
DA:573,0
DA:578,0
DA:582,0
DA:589,0
DA:595,0
DA:599,0
DA:600,0
DA:603,0
DA:604,0
DA:605,0
DA:609,0
DA:613,0
DA:616,0
DA:617,0
DA:618,0
DA:619,0
DA:620,0
DA:623,0
DA:624,0
DA:628,0
DA:635,0
DA:636,0
DA:637,0
DA:638,0
DA:639,0
DA:640,0
DA:642,0
DA:643,0
DA:644,0
DA:646,0
DA:650,0
DA:651,0
DA:652,0
DA:653,0
DA:654,0
DA:655,0
DA:656,0
DA:659,0
DA:662,0
DA:663,0
DA:666,0
DA:667,0
DA:668,0
DA:670,0
DA:673,0
DA:674,0
DA:675,0
DA:676,0
DA:677,0
DA:678,0
DA:680,0
DA:681,0
DA:682,0
DA:687,0
DA:690,0
DA:691,0
DA:692,0
DA:693,0
DA:694,0
DA:695,0
DA:699,0
DA:718,0
DA:719,0
DA:720,0
DA:722,0
DA:726,0
LF:267
LH:0
BRDA:2,0,0,0
BRDA:2,0,1,0
BRDA:23,1,0,0
BRDA:24,2,0,0
BRDA:24,2,1,0
BRDA:45,3,0,0
BRDA:45,3,1,0
BRDA:49,4,0,0
BRDA:49,4,1,0
BRDA:58,5,0,0
BRDA:62,6,0,0
BRDA:62,6,1,0
BRDA:99,7,0,0
BRDA:99,7,1,0
BRDA:143,8,0,0
BRDA:147,9,0,0
BRDA:147,9,1,0
BRDA:179,10,0,0
BRDA:179,10,1,0
BRDA:183,11,0,0
BRDA:183,11,1,0
BRDA:204,12,0,0
BRDA:204,12,1,0
BRDA:214,13,0,0
BRDA:214,13,1,0
BRDA:228,14,0,0
BRDA:228,14,1,0
BRDA:251,15,0,0
BRDA:251,15,1,0
BRDA:261,16,0,0
BRDA:261,16,1,0
BRDA:266,17,0,0
BRDA:266,17,1,0
BRDA:268,18,0,0
BRDA:268,18,1,0
BRDA:268,18,2,0
BRDA:270,19,0,0
BRDA:270,19,1,0
BRDA:271,20,0,0
BRDA:271,20,1,0
BRDA:319,21,0,0
BRDA:319,21,1,0
BRDA:389,22,0,0
BRDA:389,22,1,0
BRDA:394,23,0,0
BRDA:394,23,1,0
BRDA:394,24,0,0
BRDA:394,24,1,0
BRDA:400,25,0,0
BRDA:400,25,1,0
BRDA:400,25,2,0
BRDA:400,25,3,0
BRDA:416,26,0,0
BRDA:416,26,1,0
BRDA:418,27,0,0
BRDA:418,27,1,0
BRDA:420,28,0,0
BRDA:420,28,1,0
BRDA:420,29,0,0
BRDA:420,29,1,0
BRDA:425,30,0,0
BRDA:425,30,1,0
BRDA:460,31,0,0
BRDA:460,31,1,0
BRDA:460,32,0,0
BRDA:460,32,1,0
BRDA:463,33,0,0
BRDA:463,33,1,0
BRDA:475,34,0,0
BRDA:475,34,1,0
BRDA:479,35,0,0
BRDA:479,35,1,0
BRDA:479,36,0,0
BRDA:479,36,1,0
BRDA:535,37,0,0
BRDA:535,37,1,0
BRDA:542,38,0,0
BRDA:542,38,1,0
BRDA:552,39,0,0
BRDA:552,39,1,0
BRDA:617,40,0,0
BRDA:617,40,1,0
BRDA:618,41,0,0
BRDA:618,41,1,0
BRDA:619,42,0,0
BRDA:619,42,1,0
BRDA:623,43,0,0
BRDA:623,43,1,0
BRDA:623,43,2,0
BRDA:639,44,0,0
BRDA:639,44,1,0
BRDA:639,45,0,0
BRDA:639,45,1,0
BRDA:642,46,0,0
BRDA:642,46,1,0
BRDA:654,47,0,0
BRDA:654,47,1,0
BRDA:662,48,0,0
BRDA:662,48,1,0
BRDA:662,48,2,0
BRDA:663,49,0,0
BRDA:663,49,1,0
BRDA:681,50,0,0
BRDA:681,50,1,0
BRF:104
BRH:0
end_of_record
TN:
SF:src/services/analytics/BlockchainAuditTrail.ts
FN:1,_define_property
FN:17,(anonymous_1)
FN:25,(anonymous_2)
FN:42,(anonymous_3)
FN:84,(anonymous_4)
FN:113,(anonymous_5)
FN:150,(anonymous_6)
[...]
FN:160,(anonymous_8)
FN:163,(anonymous_9)
FN:163,(anonymous_10)
FN:166,(anonymous_11)
FN:173,(anonymous_12)
FN:174,(anonymous_13)
FN:181,(anonymous_14)
FN:184,(anonymous_15)
FN:184,(anonymous_16)
FN:187,(anonymous_17)
FN:190,(anonymous_18)
FN:195,(anonymous_19)
FN:244,(anonymous_20)
FN:287,(anonymous_21)
FN:288,(anonymous_22)
FN:306,(anonymous_23)
FN:335,(anonymous_24)
FN:359,(anonymous_25)
FN:364,(anonymous_26)
FN:395,(anonymous_27)
FN:397,(anonymous_28)
FN:401,(anonymous_29)
FN:405,(anonymous_30)
FN:406,(anonymous_31)
FN:409,(anonymous_32)
FN:410,(anonymous_33)
FN:421,(anonymous_34)
FN:425,(anonymous_35)
FN:444,(anonymous_36)
FN:454,(anonymous_37)
FN:456,(anonymous_38)
FN:465,(anonymous_39)
FN:493,(anonymous_40)
FN:523,(anonymous_41)
FN:534,(anonymous_42)
FN:546,(anonymous_43)
FN:562,(anonymous_44)
FN:572,(anonymous_45)
FNF:46
FNH:0
FNDA:0,_define_property
FNDA:0,(anonymous_1)
FNDA:0,(anonymous_2)
FNDA:0,(anonymous_3)
FNDA:0,(anonymous_4)
FNDA:0,(anonymous_5)
FNDA:0,(anonymous_6)
FNDA:0,(anonymous_7)
FNDA:0,(anonymous_8)
FNDA:0,(anonymous_9)
FNDA:0,(anonymous_10)
FNDA:0,(anonymous_11)
FNDA:0,(anonymous_12)
FNDA:0,(anonymous_13)
FNDA:0,(anonymous_14)
FNDA:0,(anonymous_15)
FNDA:0,(anonymous_16)
FNDA:0,(anonymous_17)
FNDA:0,(anonymous_18)
FNDA:0,(anonymous_19)
FNDA:0,(anonymous_20)
FNDA:0,(anonymous_21)
FNDA:0,(anonymous_22)
FNDA:0,(anonymous_23)
FNDA:0,(anonymous_24)
FNDA:0,(anonymous_25)
FNDA:0,(anonymous_26)
FNDA:0,(anonymous_27)
FNDA:0,(anonymous_28)
FNDA:0,(anonymous_29)
FNDA:0,(anonymous_30)
FNDA:0,(anonymous_31)
FNDA:0,(anonymous_32)
FNDA:0,(anonymous_33)
FNDA:0,(anonymous_34)
FNDA:0,(anonymous_35)
FNDA:0,(anonymous_36)
FNDA:0,(anonymous_37)
FNDA:0,(anonymous_38)
FNDA:0,(anonymous_39)
FNDA:0,(anonymous_40)
FNDA:0,(anonymous_41)
FNDA:0,(anonymous_42)
FNDA:0,(anonymous_43)
FNDA:0,(anonymous_44)
FNDA:0,(anonymous_45)
DA:2,0
DA:3,0
DA:10,0
DA:12,0
DA:19,0
DA:20,0
DA:21,0
DA:23,0
DA:25,0
DA:27,0
DA:28,0
DA:29,0
DA:30,0
DA:35,0
DA:36,0
DA:42,0
DA:44,0
DA:46,0
DA:47,0
DA:63,0
DA:64,0
DA:67,0
DA:69,0
DA:79,0
DA:86,0
DA:87,0
DA:90,0
DA:95,0
DA:96,0
DA:97,0
DA:100,0
DA:101,0
DA:108,0
DA:109,0
DA:111,0
DA:113,0
DA:114,0
DA:115,0
DA:122,0
DA:125,0
DA:135,0
DA:136,0
DA:140,0
DA:145,0
DA:150,0
DA:152,0
DA:153,0
DA:154,0
DA:157,0
DA:158,0
DA:159,0
DA:160,0
DA:162,0
DA:163,0
DA:165,0
DA:166,0
DA:167,0
DA:168,0
DA:169,0
DA:172,0
DA:173,0
DA:174,0
DA:175,0
DA:176,0
DA:180,0
DA:181,0
DA:183,0
DA:184,0
DA:186,0
DA:187,0
DA:189,0
DA:190,0
DA:194,0
DA:195,0
DA:197,0
DA:199,0
DA:200,0
DA:201,0
DA:203,0
DA:204,0
DA:205,0
DA:207,0
DA:208,0
DA:209,0
DA:211,0
DA:212,0
DA:213,0
DA:215,0
DA:216,0
DA:217,0
DA:219,0
DA:221,0
DA:222,0
DA:224,0
DA:228,0
DA:229,0
DA:230,0
DA:231,0
DA:232,0
DA:245,0
DA:246,0
DA:247,0
DA:248,0
DA:250,0
DA:263,0
DA:267,0
DA:268,0
DA:269,0
DA:270,0
DA:271,0
DA:272,0
DA:274,0
DA:277,0
DA:279,0
DA:287,0
DA:288,0
DA:289,0
DA:291,0
DA:293,0
DA:295,0
DA:302,0
DA:307,0
DA:308,0
DA:309,0
DA:312,0
DA:336,0
DA:337,0
DA:338,0
DA:341,0
DA:342,0
DA:343,0
DA:345,0
DA:348,0
DA:349,0
DA:351,0
DA:352,0
DA:353,0
DA:354,0
DA:355,0
DA:360,0
DA:365,0
DA:366,0
DA:367,0
DA:370,0
DA:371,0
DA:374,0
DA:375,0
DA:377,0
DA:387,0
DA:388,0
DA:396,0
DA:397,0
DA:398,0
DA:399,0
DA:401,0
DA:402,0
DA:403,0
DA:405,0
DA:406,0
DA:409,0
DA:410,0
DA:411,0
DA:422,0
DA:423,0
DA:426,0
DA:427,0
DA:429,0
DA:430,0
DA:432,0
DA:438,0
DA:440,0
DA:441,0
DA:446,0
DA:452,0
DA:455,0
DA:456,0
DA:457,0
DA:458,0
DA:459,0
DA:460,0
DA:463,0
DA:466,0
DA:468,0
DA:469,0
DA:470,0
DA:471,0
DA:474,0
DA:475,0
DA:476,0
DA:477,0
DA:478,0
DA:479,0
DA:482,0
DA:483,0
DA:484,0
DA:485,0
DA:486,0
DA:487,0
DA:488,0
DA:491,0
DA:494,0
DA:496,0
DA:497,0
DA:498,0
DA:500,0
DA:501,0
DA:504,0
DA:505,0
DA:506,0
DA:507,0
DA:508,0
DA:509,0
DA:511,0
DA:512,0
DA:516,0
DA:517,0
DA:518,0
DA:519,0
DA:521,0
DA:524,0
DA:526,0
DA:529,0
DA:531,0
DA:535,0
DA:536,0
DA:537,0
DA:541,0
DA:543,0
DA:547,0
DA:548,0
DA:549,0
DA:550,0
DA:552,0
DA:553,0
DA:554,0
DA:557,0
DA:559,0
DA:563,0
DA:564,0
DA:567,0
DA:569,0
DA:573,0
DA:574,0
DA:575,0
DA:576,0
DA:580,0
LF:246
LH:0
BRDA:2,0,0,0
BRDA:2,0,1,0
BRDA:19,1,0,0
BRDA:19,1,1,0
BRDA:63,2,0,0
BRDA:63,2,1,0
BRDA:96,3,0,0
BRDA:96,3,1,0
BRDA:100,4,0,0
BRDA:100,4,1,0
BRDA:108,5,0,0
BRDA:108,5,1,0
BRDA:108,6,0,0
BRDA:108,6,1,0
BRDA:108,6,2,0
BRDA:113,7,0,0
BRDA:113,7,1,0
BRDA:114,8,0,0
BRDA:114,8,1,0
BRDA:117,9,0,0
BRDA:117,9,1,0
BRDA:126,10,0,0
BRDA:126,10,1,0
BRDA:152,11,0,0
BRDA:152,11,1,0
BRDA:154,12,0,0
BRDA:154,12,1,0
BRDA:154,12,2,0
BRDA:157,13,0,0
BRDA:157,13,1,0
BRDA:159,14,0,0
BRDA:159,14,1,0
BRDA:162,15,0,0
BRDA:162,15,1,0
BRDA:165,16,0,0
BRDA:165,16,1,0
BRDA:167,17,0,0
BRDA:167,17,1,0
BRDA:167,18,0,0
BRDA:167,18,1,0
BRDA:168,19,0,0
BRDA:168,19,1,0
BRDA:168,20,0,0
BRDA:168,20,1,0
BRDA:172,21,0,0
BRDA:172,21,1,0
BRDA:176,22,0,0
BRDA:176,22,1,0
BRDA:180,23,0,0
BRDA:180,23,1,0
BRDA:183,24,0,0
BRDA:183,24,1,0
BRDA:186,25,0,0
BRDA:186,25,1,0
BRDA:189,26,0,0
BRDA:189,26,1,0
BRDA:194,27,0,0
BRDA:194,27,1,0
BRDA:197,28,0,0
BRDA:197,28,1,0
BRDA:197,28,2,0
BRDA:197,28,3,0
BRDA:197,28,4,0
BRDA:197,28,5,0
BRDA:211,29,0,0
BRDA:211,29,1,0
BRDA:212,30,0,0
BRDA:212,30,1,0
BRDA:221,31,0,0
BRDA:221,31,1,0
BRDA:222,32,0,0
BRDA:222,32,1,0
BRDA:224,33,0,0
BRDA:224,33,1,0
BRDA:228,34,0,0
BRDA:228,34,1,0
BRDA:229,35,0,0
BRDA:229,35,1,0
BRDA:247,36,0,0
BRDA:247,36,1,0
BRDA:247,37,0,0
BRDA:247,37,1,0
BRDA:268,38,0,0
BRDA:268,38,1,0
BRDA:269,39,0,0
BRDA:269,39,1,0
BRDA:270,40,0,0
BRDA:270,40,1,0
BRDA:272,41,0,0
BRDA:272,41,1,0
BRDA:272,42,0,0
BRDA:272,42,1,0
BRDA:274,43,0,0
BRDA:274,43,1,0
BRDA:274,44,0,0
BRDA:274,44,1,0
BRDA:277,45,0,0
BRDA:277,45,1,0
BRDA:277,46,0,0
BRDA:277,46,1,0
BRDA:289,47,0,0
BRDA:289,47,1,0
BRDA:289,48,0,0
BRDA:289,48,1,0
BRDA:308,49,0,0
BRDA:308,49,1,0
BRDA:337,50,0,0
BRDA:337,50,1,0
BRDA:342,51,0,0
BRDA:342,51,1,0
BRDA:352,52,0,0
BRDA:352,52,1,0
BRDA:360,53,0,0
BRDA:360,53,1,0
BRDA:364,54,0,0
BRDA:366,55,0,0
BRDA:366,55,1,0
BRDA:370,56,0,0
BRDA:370,56,1,0
BRDA:370,57,0,0
BRDA:370,57,1,0
BRDA:398,58,0,0
BRDA:398,58,1,0
BRDA:402,59,0,0
BRDA:402,59,1,0
BRDA:426,60,0,0
BRDA:426,60,1,0
BRDA:426,61,0,0
BRDA:426,61,1,0
BRDA:429,62,0,0
BRDA:429,62,1,0
BRDA:429,63,0,0
BRDA:429,63,1,0
BRDA:432,64,0,0
BRDA:432,64,1,0
BRDA:432,65,0,0
BRDA:432,65,1,0
BRDA:440,66,0,0
BRDA:440,66,1,0
BRDA:459,67,0,0
BRDA:459,67,1,0
BRDA:459,68,0,0
BRDA:459,68,1,0
BRDA:468,69,0,0
BRDA:468,69,1,0
BRDA:470,70,0,0
BRDA:470,70,1,0
BRDA:474,71,0,0
BRDA:474,71,1,0
BRDA:475,72,0,0
BRDA:475,72,1,0
BRDA:476,73,0,0
BRDA:476,73,1,0
BRDA:478,74,0,0
BRDA:478,74,1,0
BRDA:484,75,0,0
BRDA:484,75,1,0
BRDA:484,76,0,0
BRDA:484,76,1,0
BRDA:485,77,0,0
BRDA:485,77,1,0
BRDA:487,78,0,0
BRDA:487,78,1,0
BRDA:496,79,0,0
BRDA:496,79,1,0
BRDA:506,80,0,0
BRDA:506,80,1,0
BRDA:506,81,0,0
BRDA:506,81,1,0
BRDA:507,82,0,0
BRDA:507,82,1,0
BRDA:516,83,0,0
BRDA:516,83,1,0
BRDA:516,84,0,0
BRDA:516,84,1,0
BRDA:518,85,0,0
BRDA:518,85,1,0
BRDA:518,86,0,0
BRDA:518,86,1,0
BRDA:550,87,0,0
BRDA:550,87,1,0
BRDA:553,88,0,0
BRDA:553,88,1,0
BRDA:564,89,0,0
BRDA:564,89,1,0
BRF:185
BRH:0
end_of_record
TN:
SF:src/services/training/ModelTrainingEngine.ts
FN:1,_define_property
FN:20,(anonymous_1)
FN:42,(anonymous_2)
FN:104,(anonymous_3)
FN:116,(anonymous_4)
FN:135,(anonymous_5)
FN:203,(anonymous_6)
FN:214,(anonymous_7)
FN:220,(anonymous_8)
FN:257,(anonymous_9)
FN:324,(anonymous_10)
FN:329,(anonymous_11)
FN:331,(anonymous_12)
FN:341,(anonymous_13)
FN:371,(anonymous_14)
FN:376,(anonymous_15)
FN:378,(anonymous_16)
FN:379,(anonymous_17)
FN:380,(anonymous_18)
FN:381,(anonymous_19)
FN:382,(anonymous_20)
FN:393,(anonymous_21)
FN:402,(anonymous_22)
FN:411,(anonymous_23)
FN:419,(anonymous_24)
FN:434,(anonymous_25)
FN:468,(anonymous_26)
FN:512,(anonymous_27)
FN:528,(anonymous_28)
FN:538,(anonymous_29)
FN:549,(anonymous_30)
FN:569,(anonymous_31)
FN:582,(anonymous_32)
FN:594,(anonymous_33)
FN:612,(anonymous_34)
FN:622,(anonymous_35)
FN:626,(anonymous_36)
FN:644,(anonymous_37)
FN:653,(anonymous_38)
FN:657,(anonymous_39)
FN:670,(anonymous_40)
FN:674,(anonymous_41)
FN:684,(anonymous_42)
FN:691,(anonymous_43)
FN:704,(anonymous_44)
FN:706,(anonymous_45)
FN:711,(anonymous_46)
FN:715,(anonymous_47)
FN:722,(anonymous_48)
FN:729,(anonymous_49)
FN:736,(anonymous_50)
FN:743,(anonymous_51)
FNF:52
FNH:0
FNDA:0,_define_property
FNDA:0,(anonymous_1)
FNDA:0,(anonymous_2)
FNDA:0,(anonymous_3)
FNDA:0,(anonymous_4)
FNDA:0,(anonymous_5)
FNDA:0,(anonymous_6)
FNDA:0,(anonymous_7)
FNDA:0,(anonymous_8)
FNDA:0,(anonymous_9)
FNDA:0,(anonymous_10)
FNDA:0,(anonymous_11)
FNDA:0,(anonymous_12)
FNDA:0,(anonymous_13)
FNDA:0,(anonymous_14)
FNDA:0,(anonymous_15)
FNDA:0,(anonymous_16)
FNDA:0,(anonymous_17)
FNDA:0,(anonymous_18)
FNDA:0,(anonymous_19)
FNDA:0,(anonymous_20)
FNDA:0,(anonymous_21)
FNDA:0,(anonymous_22)
FNDA:0,(anonymous_23)
FNDA:0,(anonymous_24)
FNDA:0,(anonymous_25)
FNDA:0,(anonymous_26)
FNDA:0,(anonymous_27)
FNDA:0,(anonymous_28)
FNDA:0,(anonymous_29)
FNDA:0,(anonymous_30)
FNDA:0,(anonymous_31)
FNDA:0,(anonymous_32)
FNDA:0,(anonymous_33)
FNDA:0,(anonymous_34)
FNDA:0,(anonymous_35)
FNDA:0,(anonymous_36)
FNDA:0,(anonymous_37)
FNDA:0,(anonymous_38)
FNDA:0,(anonymous_39)
FNDA:0,(anonymous_40)
FNDA:0,(anonymous_41)
FNDA:0,(anonymous_42)
FNDA:0,(anonymous_43)
FNDA:0,(anonymous_44)
FNDA:0,(anonymous_45)
FNDA:0,(anonymous_46)
FNDA:0,(anonymous_47)
FNDA:0,(anonymous_48)
FNDA:0,(anonymous_49)
FNDA:0,(anonymous_50)
FNDA:0,(anonymous_51)
DA:2,0
DA:3,0
DA:10,0
DA:12,0
DA:21,0
DA:22,0
DA:23,0
DA:25,0
DA:27,0
DA:29,0
DA:30,0
DA:31,0
DA:32,0
DA:36,0
DA:37,0
DA:43,0
DA:44,0
DA:57,0
DA:58,0
DA:85,0
DA:87,0
DA:96,0
DA:100,0
DA:105,0
DA:106,0
DA:107,0
DA:109,0
DA:110,0
DA:112,0
DA:113,0
DA:114,0
DA:116,0
DA:117,0
DA:119,0
DA:128,0
DA:136,0
DA:137,0
DA:138,0
DA:139,0
DA:145,0
DA:146,0
DA:147,0
DA:148,0
DA:149,0
DA:150,0
DA:151,0
DA:153,0
DA:155,0
DA:160,0
DA:161,0
DA:162,0
DA:164,0
DA:171,0
DA:173,0
DA:178,0
DA:180,0
DA:181,0
DA:182,0
DA:183,0
DA:194,0
DA:196,0
DA:197,0
DA:198,0
DA:204,0
DA:205,0
DA:206,0
DA:207,0
DA:208,0
DA:210,0
DA:211,0
DA:212,0
DA:214,0
DA:215,0
DA:216,0
DA:220,0
DA:221,0
DA:224,0
DA:225,0
DA:226,0
DA:229,0
DA:231,0
DA:232,0
DA:239,0
DA:249,0
DA:251,0
DA:252,0
DA:258,0
DA:259,0
DA:260,0
DA:262,0
DA:263,0
DA:264,0
DA:267,0
DA:269,0
DA:270,0
DA:272,0
DA:273,0
DA:275,0
DA:276,0
DA:278,0
DA:279,0
DA:281,0
DA:284,0
DA:285,0
DA:286,0
DA:288,0
DA:290,0
DA:302,0
DA:307,0
DA:308,0
DA:319,0
DA:325,0
DA:330,0
DA:331,0
DA:332,0
DA:333,0
DA:334,0
DA:335,0
DA:336,0
DA:342,0
DA:343,0
DA:344,0
DA:346,0
DA:351,0
DA:353,0
DA:354,0
DA:355,0
DA:364,0
DA:372,0
DA:377,0
DA:378,0
DA:379,0
DA:380,0
DA:381,0
DA:382,0
DA:383,0
DA:394,0
DA:396,0
DA:397,0
DA:399,0
DA:403,0
DA:406,0
DA:408,0
DA:412,0
DA:414,0
DA:416,0
DA:421,0
DA:422,0
DA:424,0
DA:425,0
DA:427,0
DA:428,0
DA:430,0
DA:431,0
DA:435,0
DA:436,0
DA:437,0
DA:439,0
DA:440,0
DA:441,0
DA:443,0
DA:445,0
DA:446,0
DA:447,0
DA:448,0
DA:449,0
DA:459,0
DA:465,0
DA:470,0
DA:471,0
DA:472,0
DA:473,0
DA:474,0
DA:475,0
DA:476,0
DA:478,0
DA:480,0
DA:481,0
DA:482,0
DA:483,0
DA:484,0
DA:485,0
DA:486,0
DA:487,0
DA:489,0
DA:490,0
DA:491,0
DA:492,0
DA:495,0
DA:496,0
DA:497,0
DA:498,0
DA:500,0
DA:501,0
DA:512,0
DA:514,0
DA:516,0
DA:517,0
DA:519,0
DA:520,0
DA:521,0
DA:522,0
DA:523,0
DA:529,0
DA:530,0
DA:531,0
DA:533,0
DA:534,0
DA:535,0
DA:536,0
DA:540,0
DA:550,0
DA:551,0
DA:563,0
DA:564,0
DA:566,0
DA:567,0
DA:570,0
DA:571,0
DA:576,0
DA:577,0
DA:583,0
DA:590,0
DA:591,0
DA:596,0
DA:601,0
DA:602,0
DA:606,0
DA:608,0
DA:609,0
DA:614,0
DA:616,0
DA:618,0
DA:620,0
DA:621,0
DA:622,0
DA:623,0
DA:624,0
DA:627,0
DA:628,0
DA:635,0
DA:636,0
DA:637,0
DA:638,0
DA:639,0
DA:640,0
DA:641,0
DA:644,0
DA:645,0
DA:646,0
DA:655,0
DA:659,0
DA:672,0
DA:675,0
DA:682,0
DA:683,0
DA:684,0
DA:685,0
DA:686,0
DA:687,0
DA:689,0
DA:692,0
DA:693,0
DA:694,0
DA:696,0
DA:697,0
DA:699,0
DA:700,0
DA:702,0
DA:705,0
DA:706,0
DA:707,0
DA:709,0
DA:713,0
DA:717,0
DA:724,0
DA:731,0
DA:738,0
DA:744,0
DA:745,0
DA:746,0
DA:747,0
DA:749,0
DA:753,0
DA:757,0
LF:285
LH:0
BRDA:2,0,0,0
BRDA:2,0,1,0
BRDA:21,1,0,0
BRDA:21,1,1,0
BRDA:50,2,0,0
BRDA:50,2,1,0
BRDA:51,3,0,0
BRDA:51,3,1,0
BRDA:52,4,0,0
BRDA:52,4,1,0
BRDA:53,5,0,0
BRDA:53,5,1,0
BRDA:106,6,0,0
BRDA:106,6,1,0
BRDA:109,7,0,0
BRDA:109,7,1,0
BRDA:150,8,0,0
BRDA:150,8,1,0
BRDA:160,9,0,0
BRDA:160,9,1,0
BRDA:162,10,0,0
BRDA:162,10,1,0
BRDA:203,11,0,0
BRDA:215,12,0,0
BRDA:215,12,1,0
BRDA:257,13,0,0
BRDA:263,14,0,0
BRDA:263,14,1,0
BRDA:267,15,0,0
BRDA:267,15,1,0
BRDA:267,15,2,0
BRDA:267,15,3,0
BRDA:267,15,4,0
BRDA:284,16,0,0
BRDA:284,16,1,0
BRDA:285,17,0,0
BRDA:285,17,1,0
BRDA:315,18,0,0
BRDA:315,18,1,0
BRDA:329,19,0,0
BRDA:332,20,0,0
BRDA:332,20,1,0
BRDA:332,21,0,0
BRDA:332,21,1,0
BRDA:333,22,0,0
BRDA:333,22,1,0
BRDA:333,23,0,0
BRDA:333,23,1,0
BRDA:334,24,0,0
BRDA:334,24,1,0
BRDA:334,25,0,0
BRDA:334,25,1,0
BRDA:335,26,0,0
BRDA:335,26,1,0
BRDA:335,27,0,0
BRDA:335,27,1,0
BRDA:343,28,0,0
BRDA:343,28,1,0
BRDA:346,29,0,0
BRDA:346,29,1,0
BRDA:380,30,0,0
BRDA:380,30,1,0
BRDA:421,31,0,0
BRDA:421,31,1,0
BRDA:424,32,0,0
BRDA:424,32,1,0
BRDA:427,33,0,0
BRDA:427,33,1,0
BRDA:427,34,0,0
BRDA:427,34,1,0
BRDA:430,35,0,0
BRDA:430,35,1,0
BRDA:430,36,0,0
BRDA:430,36,1,0
BRDA:475,37,0,0
BRDA:475,37,1,0
BRDA:489,38,0,0
BRDA:489,38,1,0
BRDA:489,39,0,0
BRDA:489,39,1,0
BRDA:491,40,0,0
BRDA:491,40,1,0
BRDA:495,41,0,0
BRDA:495,41,1,0
BRDA:500,42,0,0
BRDA:500,42,1,0
BRDA:519,43,0,0
BRDA:519,43,1,0
BRDA:521,44,0,0
BRDA:521,44,1,0
BRDA:530,45,0,0
BRDA:530,45,1,0
BRDA:530,46,0,0
BRDA:530,46,1,0
BRDA:555,47,0,0
BRDA:555,47,1,0
BRDA:563,48,0,0
BRDA:563,48,1,0
BRDA:572,49,0,0
BRDA:572,49,1,0
BRDA:573,50,0,0
BRDA:573,50,1,0
BRDA:590,51,0,0
BRDA:590,51,1,0
BRDA:616,52,0,0
BRDA:616,52,1,0
BRDA:616,53,0,0
BRDA:616,53,1,0
BRDA:618,54,0,0
BRDA:618,54,1,0
BRDA:618,55,0,0
BRDA:618,55,1,0
BRDA:627,56,0,0
BRDA:627,56,1,0
BRDA:685,57,0,0
BRDA:685,57,1,0
BRDA:689,58,0,0
BRDA:689,58,1,0
BRDA:693,59,0,0
BRDA:693,59,1,0
BRDA:696,60,0,0
BRDA:696,60,1,0
BRDA:699,61,0,0
BRDA:699,61,1,0
BRDA:707,62,0,0
BRDA:707,62,1,0
BRF:126
BRH:0
end_of_record
TN:
SF:src/services/training/index.ts
FNF:0
FNH:0
LF:0
LH:0
BRF:0
BRH:0
end_of_record
TN:
SF:src/services/websocket/ProgressService.ts
FN:1,_define_property
FN:20,(anonymous_1)
FN:32,(anonymous_2)
FN:43,(anonymous_3)
FN:55,(anonymous_4)
FN:67,(anonymous_5)
FN:72,(anonymous_6)
FN:77,(anonymous_7)
FN:78,(anonymous_8)
FN:82,(anonymous_9)
FN:95,(anonymous_10)
FN:108,(anonymous_11)
FN:118,(anonymous_12)
FN:127,(anonymous_13)
FN:136,(anonymous_14)
FN:145,(anonymous_15)
FN:154,(anonymous_16)
FN:159,(anonymous_17)
FN:164,(anonymous_18)
FN:170,(anonymous_19)
FN:175,(anonymous_20)
FN:180,(anonymous_21)
FN:185,(anonymous_22)
FN:200,(anonymous_23)
FN:217,(anonymous_24)
FN:218,(anonymous_25)
FN:224,(anonymous_26)
FN:231,(anonymous_27)
FN:255,(anonymous_28)
FN:266,(anonymous_29)
FN:282,(anonymous_30)
FN:283,(anonymous_31)
FN:290,(anonymous_32)
FN:303,(anonymous_33)
FN:320,(anonymous_34)
FN:324,(anonymous_35)
FN:339,(anonymous_36)
FN:344,(anonymous_37)
FN:348,(anonymous_38)
FN:363,(anonymous_39)
FN:367,(anonymous_40)
FN:371,(anonymous_41)
FNF:42
FNH:0
FNDA:0,_define_property
FNDA:0,(anonymous_1)
FNDA:0,(anonymous_2)
FNDA:0,(anonymous_3)
FNDA:0,(anonymous_4)
FNDA:0,(anonymous_5)
FNDA:0,(anonymous_6)
FNDA:0,(anonymous_7)
FNDA:0,(anonymous_8)
FNDA:0,(anonymous_9)
FNDA:0,(anonymous_10)
FNDA:0,(anonymous_11)
FNDA:0,(anonymous_12)
FNDA:0,(anonymous_13)
FNDA:0,(anonymous_14)
FNDA:0,(anonymous_15)
FNDA:0,(anonymous_16)
FNDA:0,(anonymous_17)
FNDA:0,(anonymous_18)
FNDA:0,(anonymous_19)
FNDA:0,(anonymous_20)
FNDA:0,(anonymous_21)
FNDA:0,(anonymous_22)
FNDA:0,(anonymous_23)
FNDA:0,(anonymous_24)
FNDA:0,(anonymous_25)
FNDA:0,(anonymous_26)
FNDA:0,(anonymous_27)
FNDA:0,(anonymous_28)
FNDA:0,(anonymous_29)
FNDA:0,(anonymous_30)
FNDA:0,(anonymous_31)
FNDA:0,(anonymous_32)
FNDA:0,(anonymous_33)
FNDA:0,(anonymous_34)
FNDA:0,(anonymous_35)
FNDA:0,(anonymous_36)
FNDA:0,(anonymous_37)
FNDA:0,(anonymous_38)
FNDA:0,(anonymous_39)
FNDA:0,(anonymous_40)
FNDA:0,(anonymous_41)
DA:2,0
DA:3,0
DA:10,0
DA:12,0
DA:21,0
DA:22,0
DA:24,0
DA:26,0
DA:28,0
DA:33,0
DA:34,0
DA:36,0
DA:37,0
DA:39,0
DA:44,0
DA:45,0
DA:47,0
DA:48,0
DA:50,0
DA:51,0
DA:56,0
DA:57,0
DA:59,0
DA:60,0
DA:62,0
DA:63,0
DA:68,0
DA:73,0
DA:78,0
DA:79,0
DA:80,0
DA:82,0
DA:83,0
DA:84,0
DA:85,0
DA:86,0
DA:88,0
DA:95,0
DA:96,0
DA:97,0
DA:98,0
DA:99,0
DA:101,0
DA:108,0
DA:109,0
DA:112,0
DA:118,0
DA:119,0
DA:120,0
DA:121,0
DA:127,0
DA:128,0
DA:129,0
DA:130,0
DA:136,0
DA:137,0
DA:138,0
DA:139,0
DA:145,0
DA:146,0
DA:147,0
DA:148,0
DA:154,0
DA:155,0
DA:156,0
DA:159,0
DA:160,0
DA:164,0
DA:165,0
DA:171,0
DA:176,0
DA:181,0
DA:186,0
DA:187,0
DA:188,0
DA:189,0
DA:190,0
DA:191,0
DA:192,0
DA:193,0
DA:195,0
DA:196,0
DA:201,0
DA:202,0
DA:204,0
DA:205,0
DA:211,0
DA:212,0
DA:218,0
DA:219,0
DA:225,0
DA:226,0
DA:227,0
DA:228,0
DA:230,0
DA:231,0
DA:232,0
DA:233,0
DA:235,0
DA:238,0
DA:239,0
DA:240,0
DA:243,0
DA:246,0
DA:247,0
DA:249,0
DA:250,0
DA:257,0
DA:262,0
DA:268,0
DA:269,0
DA:275,0
DA:276,0
DA:277,0
DA:278,0
DA:283,0
DA:284,0
DA:285,0
DA:291,0
DA:292,0
DA:293,0
DA:294,0
DA:295,0
DA:296,0
DA:297,0
DA:304,0
DA:305,0
DA:307,0
DA:308,0
DA:310,0
DA:311,0
DA:314,0
DA:315,0
DA:321,0
DA:322,0
DA:323,0
DA:324,0
DA:325,0
DA:326,0
DA:333,0
DA:334,0
DA:340,0
DA:345,0
DA:346,0
DA:347,0
DA:348,0
DA:349,0
DA:350,0
DA:351,0
DA:359,0
DA:364,0
DA:367,0
DA:372,0
DA:375,0
DA:377,0
DA:381,0
DA:382,0
DA:384,0
DA:385,0
DA:386,0
DA:387,0
LF:161
LH:0
BRDA:2,0,0,0
BRDA:2,0,1,0
BRDA:36,1,0,0
BRDA:36,1,1,0
BRDA:45,2,0,0
BRDA:45,2,1,0
BRDA:47,3,0,0
BRDA:47,3,1,0
BRDA:57,4,0,0
BRDA:57,4,1,0
BRDA:59,5,0,0
BRDA:59,5,1,0
BRDA:73,6,0,0
BRDA:73,6,1,0
BRDA:83,7,0,0
BRDA:83,7,1,0
BRDA:83,8,0,0
BRDA:83,8,1,0
BRDA:96,9,0,0
BRDA:96,9,1,0
BRDA:96,10,0,0
BRDA:96,10,1,0
BRDA:109,11,0,0
BRDA:109,11,1,0
BRDA:109,12,0,0
BRDA:109,12,1,0
BRDA:192,13,0,0
BRDA:192,13,1,0
BRDA:201,14,0,0
BRDA:201,14,1,0
BRDA:211,15,0,0
BRDA:211,15,1,0
BRDA:228,16,0,0
BRDA:228,16,1,0
BRDA:232,17,0,0
BRDA:232,17,1,0
BRDA:239,18,0,0
BRDA:239,18,1,0
BRDA:249,19,0,0
BRDA:249,19,1,0
BRDA:259,20,0,0
BRDA:259,20,1,0
BRDA:260,21,0,0
BRDA:260,21,1,0
BRDA:294,22,0,0
BRDA:294,22,1,0
BRDA:304,23,0,0
BRDA:304,23,1,0
BRDA:310,24,0,0
BRDA:310,24,1,0
BRDA:314,25,0,0
BRDA:314,25,1,0
BRDA:323,26,0,0
BRDA:323,26,1,0
BRDA:333,27,0,0
BRDA:333,27,1,0
BRDA:340,28,0,0
BRDA:340,28,1,0
BRDA:347,29,0,0
BRDA:347,29,1,0
BRF:60
BRH:0
end_of_record
TN:
SF:src/types/costTracking.ts
FNF:0
FNH:0
LF:0
LH:0
BRF:0
BRH:0
end_of_record
TN:
SF:src/types/promptCard.ts
FNF:0
FNH:0
LF:0
LH:0
BRF:0
BRH:0
end_of_record
TN:
SF:src/types/report.ts
FNF:0
FNH:0
LF:0
LH:0
BRF:0
BRH:0
end_of_record
TN:
SF:src/types/reports.ts
FNF:0
FNH:0
LF:0
LH:0
BRF:0
BRH:0
end_of_record
TN:
SF:src/types/testCase.ts
FNF:0
FNH:0
LF:0
LH:0
BRF:0
BRH:0
end_of_record
TN:
SF:src/types/testExecution.ts
FNF:0
FNH:0
LF:0
LH:0
BRF:0
BRH:0
end_of_record
TN:
SF:src/types/workspace.ts
FNF:0
FNH:0
DA:2,0
LF:1
LH:0
BRF:0
BRH:0
end_of_record
TN:
SF:src/utils/healthCheck.ts
FN:1,_define_property
FN:16,(anonymous_1)
FN:21,(anonymous_2)
FN:37,(anonymous_3)
FN:45,(anonymous_4)
FN:46,(anonymous_5)
FN:59,(anonymous_6)
FN:64,(anonymous_7)
FN:66,(anonymous_8)
FN:71,(anonymous_9)
FN:75,(anonymous_10)
FN:81,(anonymous_11)
FN:85,(anonymous_12)
FNF:13
FNH:0
FNDA:0,_define_property
FNDA:0,(anonymous_1)
FNDA:0,(anonymous_2)
FNDA:0,(anonymous_3)
FNDA:0,(anonymous_4)
FNDA:0,(anonymous_5)
FNDA:0,(anonymous_6)
FNDA:0,(anonymous_7)
FNDA:0,(anonymous_8)
FNDA:0,(anonymous_9)
FNDA:0,(anonymous_10)
FNDA:0,(anonymous_11)
FNDA:0,(anonymous_12)
DA:2,0
DA:3,0
DA:10,0
DA:12,0
DA:18,0
DA:22,0
DA:23,0
DA:26,0
DA:28,0
DA:33,0
DA:34,0
DA:40,0
DA:46,0
DA:47,0
DA:48,0
DA:50,0
DA:51,0
DA:52,0
DA:53,0
DA:54,0
DA:56,0
DA:58,0
DA:59,0
DA:62,0
DA:65,0
DA:66,0
DA:67,0
DA:69,0
DA:72,0
DA:73,0
DA:74,0
DA:75,0
DA:76,0
DA:77,0
DA:78,0
DA:80,0
DA:81,0
DA:83,0
DA:86,0
DA:87,0
DA:90,0
LF:41
LH:0
BRDA:2,0,0,0
BRDA:2,0,1,0
BRDA:20,1,0,0
BRDA:20,1,1,0
BRDA:33,2,0,0
BRDA:33,2,1,0
BRDA:45,3,0,0
BRDA:47,4,0,0
BRDA:47,4,1,0
BRDA:50,5,0,0
BRDA:50,6,0,0
BRDA:54,7,0,0
BRDA:54,7,1,0
BRDA:58,8,0,0
BRDA:58,8,1,0
BRDA:71,9,0,0
BRDA:76,10,0,0
BRDA:76,10,1,0
BRF:18
BRH:0
end_of_record
